DEBUG 2019-05-11 00:06:03,250 process_tasks 28607 140235177297536 waiting for tasks
DEBUG 2019-05-11 00:06:08,262 process_tasks 28607 140235177297536 waiting for tasks
DEBUG 2019-05-11 00:06:13,275 process_tasks 28607 140235177297536 waiting for tasks
DEBUG 2019-05-11 00:06:18,286 process_tasks 28607 140235177297536 waiting for tasks
DEBUG 2019-05-11 00:06:23,297 process_tasks 28607 140235177297536 waiting for tasks
DEBUG 2019-05-11 00:06:28,314 process_tasks 28607 140235177297536 waiting for tasks
DEBUG 2019-05-11 00:06:33,325 process_tasks 28607 140235177297536 waiting for tasks
DEBUG 2019-05-11 00:06:38,338 process_tasks 28607 140235177297536 waiting for tasks
DEBUG 2019-05-11 00:06:43,348 process_tasks 28607 140235177297536 waiting for tasks
INFO 2019-05-11 00:06:48,497 tasks 28607 140235177297536 Running vote.urls.process_works
ERROR 2019-05-11 00:06:48,536 tasks 28607 140235177297536 Rescheduling vote.urls.process_works
Traceback (most recent call last):
  File "/home/kevin/.local/share/virtualenvs/backend-Q_IvTKKv/lib/python3.7/site-packages/background_task/tasks.py", line 43, in bg_runner
    func(*args, **kwargs)
  File "/home/kevin/Projects/mp-vote/backend/vote/vote/urls.py", line 83, in process_works
    'pdf_url': generate_pdf(sheet['E' + str(idx)].value, tag),
  File "/home/kevin/Projects/mp-vote/backend/vote/vote/urls.py", line 63, in generate_pdf
    tag])
  File "/usr/lib64/python3.7/subprocess.py", line 472, in run
    with Popen(*popenargs, **kwargs) as process:
  File "/usr/lib64/python3.7/subprocess.py", line 775, in __init__
    restore_signals, start_new_session)
  File "/usr/lib64/python3.7/subprocess.py", line 1453, in _execute_child
    restore_signals, start_new_session, preexec_fn)
TypeError: expected str, bytes or os.PathLike object, not int
WARNING 2019-05-11 00:06:48,700 models 28607 140235177297536 Rescheduling task vote.urls.process_works for 0:00:21 later at 2019-05-10 16:07:09.700409+00:00
DEBUG 2019-05-11 00:06:48,786 process_tasks 28607 140235177297536 waiting for tasks
DEBUG 2019-05-11 00:06:53,797 process_tasks 28607 140235177297536 waiting for tasks
DEBUG 2019-05-11 00:06:58,806 process_tasks 28607 140235177297536 waiting for tasks
DEBUG 2019-05-11 00:07:03,816 process_tasks 28607 140235177297536 waiting for tasks
DEBUG 2019-05-11 00:07:08,828 process_tasks 28607 140235177297536 waiting for tasks
DEBUG 2019-05-11 00:07:13,841 process_tasks 28607 140235177297536 waiting for tasks
DEBUG 2019-05-11 00:07:18,852 process_tasks 28607 140235177297536 waiting for tasks
DEBUG 2019-05-11 00:07:23,863 process_tasks 28607 140235177297536 waiting for tasks
DEBUG 2019-05-11 00:07:28,873 process_tasks 28607 140235177297536 waiting for tasks
DEBUG 2019-05-11 00:07:33,887 process_tasks 28607 140235177297536 waiting for tasks
DEBUG 2019-05-11 00:07:38,897 process_tasks 28607 140235177297536 waiting for tasks
DEBUG 2019-05-11 00:07:43,909 process_tasks 28607 140235177297536 waiting for tasks
DEBUG 2019-05-11 00:07:48,917 process_tasks 28607 140235177297536 waiting for tasks
DEBUG 2019-05-11 00:07:53,920 process_tasks 28607 140235177297536 waiting for tasks
DEBUG 2019-05-11 00:07:58,933 process_tasks 28607 140235177297536 waiting for tasks
DEBUG 2019-05-11 00:08:02,288 process_tasks 29148 140156848703104 waiting for tasks
DEBUG 2019-05-11 00:08:07,297 process_tasks 29148 140156848703104 waiting for tasks
DEBUG 2019-05-11 00:08:12,310 process_tasks 29148 140156848703104 waiting for tasks
DEBUG 2019-05-11 00:08:17,320 process_tasks 29148 140156848703104 waiting for tasks
DEBUG 2019-05-11 00:08:22,329 process_tasks 29148 140156848703104 waiting for tasks
DEBUG 2019-05-11 00:08:27,335 process_tasks 29148 140156848703104 waiting for tasks
DEBUG 2019-05-11 00:08:32,346 process_tasks 29148 140156848703104 waiting for tasks
DEBUG 2019-05-11 00:08:37,353 process_tasks 29148 140156848703104 waiting for tasks
INFO 2019-05-11 00:08:42,426 tasks 29148 140156848703104 Running vote.urls.process_works
ERROR 2019-05-11 00:08:42,447 tasks 29148 140156848703104 Rescheduling vote.urls.process_works
Traceback (most recent call last):
  File "/home/kevin/.local/share/virtualenvs/backend-Q_IvTKKv/lib/python3.7/site-packages/background_task/tasks.py", line 43, in bg_runner
    func(*args, **kwargs)
  File "/home/kevin/Projects/mp-vote/backend/vote/vote/urls.py", line 83, in process_works
    'pdf_url': generate_pdf(sheet['E' + str(idx)].value, tag),
  File "/home/kevin/Projects/mp-vote/backend/vote/vote/urls.py", line 65, in generate_pdf
    return 'http://' + deploy_domain + '/media/' + tag + '.pdf'
TypeError: can only concatenate str (not "int") to str
WARNING 2019-05-11 00:08:42,535 models 29148 140156848703104 Rescheduling task vote.urls.process_works for 0:04:21 later at 2019-05-10 16:13:03.535249+00:00
DEBUG 2019-05-11 00:08:42,661 process_tasks 29148 140156848703104 waiting for tasks
DEBUG 2019-05-11 00:08:47,673 process_tasks 29148 140156848703104 waiting for tasks
INFO 2019-05-11 00:08:52,762 tasks 29148 140156848703104 Running vote.urls.process_works
ERROR 2019-05-11 00:08:52,803 tasks 29148 140156848703104 Rescheduling vote.urls.process_works
Traceback (most recent call last):
  File "/home/kevin/.local/share/virtualenvs/backend-Q_IvTKKv/lib/python3.7/site-packages/background_task/tasks.py", line 43, in bg_runner
    func(*args, **kwargs)
  File "/home/kevin/Projects/mp-vote/backend/vote/vote/urls.py", line 83, in process_works
    'pdf_url': generate_pdf(sheet['E' + str(idx)].value, tag),
  File "/home/kevin/Projects/mp-vote/backend/vote/vote/urls.py", line 65, in generate_pdf
    return 'http://' + deploy_domain + '/media/' + tag + '.pdf'
TypeError: can only concatenate str (not "int") to str
WARNING 2019-05-11 00:08:52,902 models 29148 140156848703104 Rescheduling task vote.urls.process_works for 0:21:41 later at 2019-05-10 16:30:33.902772+00:00
DEBUG 2019-05-11 00:08:53,078 process_tasks 29148 140156848703104 waiting for tasks
DEBUG 2019-05-11 00:08:58,088 process_tasks 29148 140156848703104 waiting for tasks
DEBUG 2019-05-11 00:09:03,097 process_tasks 29148 140156848703104 waiting for tasks
DEBUG 2019-05-11 00:09:08,103 process_tasks 29148 140156848703104 waiting for tasks
DEBUG 2019-05-11 00:09:13,112 process_tasks 29148 140156848703104 waiting for tasks
DEBUG 2019-05-11 00:09:18,125 process_tasks 29148 140156848703104 waiting for tasks
DEBUG 2019-05-11 00:09:21,650 process_tasks 29790 139840729028224 waiting for tasks
DEBUG 2019-05-11 00:10:25,616 process_tasks 30197 140712824260224 waiting for tasks
DEBUG 2019-05-11 00:10:30,626 process_tasks 30197 140712824260224 waiting for tasks
DEBUG 2019-05-11 00:10:35,634 process_tasks 30197 140712824260224 waiting for tasks
DEBUG 2019-05-11 00:10:40,647 process_tasks 30197 140712824260224 waiting for tasks
DEBUG 2019-05-11 00:10:45,658 process_tasks 30197 140712824260224 waiting for tasks
DEBUG 2019-05-11 00:10:50,667 process_tasks 30197 140712824260224 waiting for tasks
DEBUG 2019-05-11 00:10:55,680 process_tasks 30197 140712824260224 waiting for tasks
DEBUG 2019-05-11 00:11:00,690 process_tasks 30197 140712824260224 waiting for tasks
DEBUG 2019-05-11 00:11:05,700 process_tasks 30197 140712824260224 waiting for tasks
DEBUG 2019-05-11 00:11:10,710 process_tasks 30197 140712824260224 waiting for tasks
DEBUG 2019-05-11 00:11:15,720 process_tasks 30197 140712824260224 waiting for tasks
DEBUG 2019-05-11 00:11:20,732 process_tasks 30197 140712824260224 waiting for tasks
DEBUG 2019-05-11 00:11:25,751 process_tasks 30197 140712824260224 waiting for tasks
DEBUG 2019-05-11 00:11:30,771 process_tasks 30197 140712824260224 waiting for tasks
DEBUG 2019-05-11 00:11:35,780 process_tasks 30197 140712824260224 waiting for tasks
DEBUG 2019-05-11 00:11:40,793 process_tasks 30197 140712824260224 waiting for tasks
DEBUG 2019-05-11 00:11:45,807 process_tasks 30197 140712824260224 waiting for tasks
DEBUG 2019-05-11 00:11:50,819 process_tasks 30197 140712824260224 waiting for tasks
DEBUG 2019-05-11 00:11:55,831 process_tasks 30197 140712824260224 waiting for tasks
DEBUG 2019-05-11 00:12:00,840 process_tasks 30197 140712824260224 waiting for tasks
DEBUG 2019-05-11 00:12:05,852 process_tasks 30197 140712824260224 waiting for tasks
DEBUG 2019-05-11 00:12:10,862 process_tasks 30197 140712824260224 waiting for tasks
DEBUG 2019-05-11 00:12:15,869 process_tasks 30197 140712824260224 waiting for tasks
DEBUG 2019-05-11 00:12:20,880 process_tasks 30197 140712824260224 waiting for tasks
DEBUG 2019-05-11 00:12:25,890 process_tasks 30197 140712824260224 waiting for tasks
DEBUG 2019-05-11 00:12:30,898 process_tasks 30197 140712824260224 waiting for tasks
DEBUG 2019-05-11 00:12:35,910 process_tasks 30197 140712824260224 waiting for tasks
DEBUG 2019-05-11 00:12:40,920 process_tasks 30197 140712824260224 waiting for tasks
DEBUG 2019-05-11 00:12:45,930 process_tasks 30197 140712824260224 waiting for tasks
DEBUG 2019-05-11 00:12:50,942 process_tasks 30197 140712824260224 waiting for tasks
DEBUG 2019-05-11 00:12:55,952 process_tasks 30197 140712824260224 waiting for tasks
DEBUG 2019-05-11 00:13:00,962 process_tasks 30197 140712824260224 waiting for tasks
INFO 2019-05-11 00:13:06,062 tasks 30197 140712824260224 Running vote.urls.process_works
INFO 2019-05-11 00:13:06,727 tasks 30197 140712824260224 Ran task and deleting vote.urls.process_works
DEBUG 2019-05-11 00:13:06,818 process_tasks 30197 140712824260224 waiting for tasks
DEBUG 2019-05-11 00:13:11,826 process_tasks 30197 140712824260224 waiting for tasks
DEBUG 2019-05-11 00:13:16,838 process_tasks 30197 140712824260224 waiting for tasks
DEBUG 2019-05-11 00:13:21,850 process_tasks 30197 140712824260224 waiting for tasks
DEBUG 2019-05-11 00:13:26,861 process_tasks 30197 140712824260224 waiting for tasks
DEBUG 2019-05-11 00:13:31,871 process_tasks 30197 140712824260224 waiting for tasks
DEBUG 2019-05-11 00:13:36,884 process_tasks 30197 140712824260224 waiting for tasks
DEBUG 2019-05-11 00:13:41,895 process_tasks 30197 140712824260224 waiting for tasks
DEBUG 2019-05-11 00:13:46,903 process_tasks 30197 140712824260224 waiting for tasks
DEBUG 2019-05-11 00:13:51,915 process_tasks 30197 140712824260224 waiting for tasks
DEBUG 2019-05-11 00:13:56,927 process_tasks 30197 140712824260224 waiting for tasks
DEBUG 2019-05-11 00:14:01,939 process_tasks 30197 140712824260224 waiting for tasks
DEBUG 2019-05-11 00:14:06,951 process_tasks 30197 140712824260224 waiting for tasks
DEBUG 2019-05-11 00:14:11,962 process_tasks 30197 140712824260224 waiting for tasks
DEBUG 2019-05-11 00:14:16,974 process_tasks 30197 140712824260224 waiting for tasks
DEBUG 2019-05-11 00:14:21,987 process_tasks 30197 140712824260224 waiting for tasks
DEBUG 2019-05-11 00:14:26,998 process_tasks 30197 140712824260224 waiting for tasks
DEBUG 2019-05-11 00:14:32,007 process_tasks 30197 140712824260224 waiting for tasks
DEBUG 2019-05-11 00:14:37,013 process_tasks 30197 140712824260224 waiting for tasks
DEBUG 2019-05-11 00:14:42,021 process_tasks 30197 140712824260224 waiting for tasks
DEBUG 2019-05-11 00:14:47,032 process_tasks 30197 140712824260224 waiting for tasks
DEBUG 2019-05-11 00:14:52,040 process_tasks 30197 140712824260224 waiting for tasks
INFO 2019-05-11 00:14:57,161 tasks 30197 140712824260224 Running vote.urls.process_works
INFO 2019-05-11 00:14:57,943 tasks 30197 140712824260224 Ran task and deleting vote.urls.process_works
DEBUG 2019-05-11 00:14:57,972 process_tasks 30197 140712824260224 waiting for tasks
DEBUG 2019-05-11 00:15:02,984 process_tasks 30197 140712824260224 waiting for tasks
DEBUG 2019-05-11 00:15:07,993 process_tasks 30197 140712824260224 waiting for tasks
DEBUG 2019-05-11 00:15:12,998 process_tasks 30197 140712824260224 waiting for tasks
DEBUG 2019-05-11 00:15:18,004 process_tasks 30197 140712824260224 waiting for tasks
DEBUG 2019-05-11 00:15:23,014 process_tasks 30197 140712824260224 waiting for tasks
DEBUG 2019-05-11 00:15:28,021 process_tasks 30197 140712824260224 waiting for tasks
DEBUG 2019-05-11 00:15:33,033 process_tasks 30197 140712824260224 waiting for tasks
DEBUG 2019-05-11 00:37:02,828 process_tasks 8812 140508713035392 waiting for tasks
DEBUG 2019-05-11 00:37:07,838 process_tasks 8812 140508713035392 waiting for tasks
DEBUG 2019-05-11 00:37:12,849 process_tasks 8812 140508713035392 waiting for tasks
DEBUG 2019-05-11 00:37:17,860 process_tasks 8812 140508713035392 waiting for tasks
DEBUG 2019-05-11 00:37:22,867 process_tasks 8812 140508713035392 waiting for tasks
DEBUG 2019-05-11 00:37:27,876 process_tasks 8812 140508713035392 waiting for tasks
DEBUG 2019-05-11 00:37:32,888 process_tasks 8812 140508713035392 waiting for tasks
DEBUG 2019-05-11 00:37:37,897 process_tasks 8812 140508713035392 waiting for tasks
DEBUG 2019-05-11 00:37:42,907 process_tasks 8812 140508713035392 waiting for tasks
DEBUG 2019-05-11 00:37:47,919 process_tasks 8812 140508713035392 waiting for tasks
DEBUG 2019-05-11 00:37:52,928 process_tasks 8812 140508713035392 waiting for tasks
DEBUG 2019-05-11 00:37:57,939 process_tasks 8812 140508713035392 waiting for tasks
INFO 2019-05-11 00:38:03,065 tasks 8812 140508713035392 Running vote.urls.process_works
INFO 2019-05-11 00:38:36,738 tasks 8812 140508713035392 Ran task and deleting vote.urls.process_works
DEBUG 2019-05-11 00:38:36,795 process_tasks 8812 140508713035392 waiting for tasks
DEBUG 2019-05-11 00:38:41,804 process_tasks 8812 140508713035392 waiting for tasks
DEBUG 2019-05-11 00:38:46,818 process_tasks 8812 140508713035392 waiting for tasks
DEBUG 2019-05-11 00:38:51,825 process_tasks 8812 140508713035392 waiting for tasks
DEBUG 2019-05-11 00:38:56,830 process_tasks 8812 140508713035392 waiting for tasks
DEBUG 2019-05-11 00:39:01,837 process_tasks 8812 140508713035392 waiting for tasks
DEBUG 2019-05-11 00:39:06,845 process_tasks 8812 140508713035392 waiting for tasks
DEBUG 2019-05-11 00:39:11,859 process_tasks 8812 140508713035392 waiting for tasks
DEBUG 2019-05-11 00:39:16,867 process_tasks 8812 140508713035392 waiting for tasks
DEBUG 2019-05-11 00:39:21,875 process_tasks 8812 140508713035392 waiting for tasks
DEBUG 2019-05-11 00:39:26,889 process_tasks 8812 140508713035392 waiting for tasks
DEBUG 2019-05-11 00:39:31,901 process_tasks 8812 140508713035392 waiting for tasks
DEBUG 2019-05-11 00:39:36,912 process_tasks 8812 140508713035392 waiting for tasks
DEBUG 2019-05-11 00:39:41,922 process_tasks 8812 140508713035392 waiting for tasks
DEBUG 2019-05-11 00:39:46,929 process_tasks 8812 140508713035392 waiting for tasks
DEBUG 2019-05-11 00:39:51,940 process_tasks 8812 140508713035392 waiting for tasks
DEBUG 2019-05-11 00:39:56,951 process_tasks 8812 140508713035392 waiting for tasks
DEBUG 2019-05-11 00:40:01,962 process_tasks 8812 140508713035392 waiting for tasks
DEBUG 2019-05-11 00:40:06,973 process_tasks 8812 140508713035392 waiting for tasks
DEBUG 2019-05-11 00:40:11,982 process_tasks 8812 140508713035392 waiting for tasks
DEBUG 2019-05-11 00:40:16,993 process_tasks 8812 140508713035392 waiting for tasks
DEBUG 2019-05-11 00:40:22,001 process_tasks 8812 140508713035392 waiting for tasks
DEBUG 2019-05-11 00:40:27,013 process_tasks 8812 140508713035392 waiting for tasks
DEBUG 2019-05-11 00:40:32,023 process_tasks 8812 140508713035392 waiting for tasks
DEBUG 2019-05-11 00:40:37,031 process_tasks 8812 140508713035392 waiting for tasks
DEBUG 2019-05-11 00:40:42,041 process_tasks 8812 140508713035392 waiting for tasks
DEBUG 2019-05-11 00:40:47,049 process_tasks 8812 140508713035392 waiting for tasks
DEBUG 2019-05-11 00:40:52,055 process_tasks 8812 140508713035392 waiting for tasks
DEBUG 2019-05-11 00:40:57,066 process_tasks 8812 140508713035392 waiting for tasks
DEBUG 2019-05-11 00:41:02,076 process_tasks 8812 140508713035392 waiting for tasks
DEBUG 2019-05-11 00:41:07,088 process_tasks 8812 140508713035392 waiting for tasks
DEBUG 2019-05-11 00:41:12,101 process_tasks 8812 140508713035392 waiting for tasks
DEBUG 2019-05-11 00:41:17,109 process_tasks 8812 140508713035392 waiting for tasks
DEBUG 2019-05-11 00:41:22,121 process_tasks 8812 140508713035392 waiting for tasks
DEBUG 2019-05-11 00:41:27,129 process_tasks 8812 140508713035392 waiting for tasks
DEBUG 2019-05-11 00:41:32,140 process_tasks 8812 140508713035392 waiting for tasks
DEBUG 2019-05-11 00:41:37,148 process_tasks 8812 140508713035392 waiting for tasks
DEBUG 2019-05-11 00:41:42,155 process_tasks 8812 140508713035392 waiting for tasks
DEBUG 2019-05-11 00:41:47,167 process_tasks 8812 140508713035392 waiting for tasks
DEBUG 2019-05-11 00:41:52,177 process_tasks 8812 140508713035392 waiting for tasks
DEBUG 2019-05-11 00:41:57,186 process_tasks 8812 140508713035392 waiting for tasks
DEBUG 2019-05-11 00:42:02,198 process_tasks 8812 140508713035392 waiting for tasks
DEBUG 2019-05-11 00:42:07,207 process_tasks 8812 140508713035392 waiting for tasks
DEBUG 2019-05-11 00:42:12,216 process_tasks 8812 140508713035392 waiting for tasks
DEBUG 2019-05-11 00:42:17,224 process_tasks 8812 140508713035392 waiting for tasks
DEBUG 2019-05-11 00:42:22,236 process_tasks 8812 140508713035392 waiting for tasks
DEBUG 2019-05-11 00:42:27,247 process_tasks 8812 140508713035392 waiting for tasks
DEBUG 2019-05-11 00:42:32,261 process_tasks 8812 140508713035392 waiting for tasks
DEBUG 2019-05-11 00:42:37,269 process_tasks 8812 140508713035392 waiting for tasks
DEBUG 2019-05-11 00:42:42,279 process_tasks 8812 140508713035392 waiting for tasks
DEBUG 2019-05-11 00:42:47,290 process_tasks 8812 140508713035392 waiting for tasks
DEBUG 2019-05-11 00:42:52,303 process_tasks 8812 140508713035392 waiting for tasks
DEBUG 2019-05-11 00:42:57,313 process_tasks 8812 140508713035392 waiting for tasks
DEBUG 2019-05-11 00:43:02,323 process_tasks 8812 140508713035392 waiting for tasks
DEBUG 2019-05-11 00:43:07,333 process_tasks 8812 140508713035392 waiting for tasks
DEBUG 2019-05-11 00:43:12,343 process_tasks 8812 140508713035392 waiting for tasks
DEBUG 2019-05-11 00:43:17,354 process_tasks 8812 140508713035392 waiting for tasks
DEBUG 2019-05-11 00:43:22,371 process_tasks 8812 140508713035392 waiting for tasks
DEBUG 2019-05-11 00:43:27,381 process_tasks 8812 140508713035392 waiting for tasks
DEBUG 2019-05-11 00:43:32,396 process_tasks 8812 140508713035392 waiting for tasks
DEBUG 2019-05-11 00:43:37,406 process_tasks 8812 140508713035392 waiting for tasks
DEBUG 2019-05-11 00:43:42,415 process_tasks 8812 140508713035392 waiting for tasks
DEBUG 2019-05-11 00:43:47,422 process_tasks 8812 140508713035392 waiting for tasks
DEBUG 2019-05-11 00:43:52,431 process_tasks 8812 140508713035392 waiting for tasks
DEBUG 2019-05-11 00:43:57,441 process_tasks 8812 140508713035392 waiting for tasks
DEBUG 2019-05-11 00:44:02,456 process_tasks 8812 140508713035392 waiting for tasks
DEBUG 2019-05-11 00:44:07,469 process_tasks 8812 140508713035392 waiting for tasks
DEBUG 2019-05-11 00:44:12,476 process_tasks 8812 140508713035392 waiting for tasks
DEBUG 2019-05-11 00:44:17,488 process_tasks 8812 140508713035392 waiting for tasks
DEBUG 2019-05-11 00:44:22,502 process_tasks 8812 140508713035392 waiting for tasks
DEBUG 2019-05-11 00:44:27,515 process_tasks 8812 140508713035392 waiting for tasks
DEBUG 2019-05-11 00:44:32,526 process_tasks 8812 140508713035392 waiting for tasks
DEBUG 2019-05-11 00:44:37,539 process_tasks 8812 140508713035392 waiting for tasks
DEBUG 2019-05-11 00:44:42,556 process_tasks 8812 140508713035392 waiting for tasks
DEBUG 2019-05-11 00:44:47,568 process_tasks 8812 140508713035392 waiting for tasks
DEBUG 2019-05-11 00:44:52,579 process_tasks 8812 140508713035392 waiting for tasks
DEBUG 2019-05-11 00:44:57,589 process_tasks 8812 140508713035392 waiting for tasks
DEBUG 2019-05-11 00:45:02,597 process_tasks 8812 140508713035392 waiting for tasks
DEBUG 2019-05-11 00:45:07,606 process_tasks 8812 140508713035392 waiting for tasks
DEBUG 2019-05-11 00:45:12,617 process_tasks 8812 140508713035392 waiting for tasks
DEBUG 2019-05-11 00:45:17,627 process_tasks 8812 140508713035392 waiting for tasks
DEBUG 2019-05-11 00:45:22,635 process_tasks 8812 140508713035392 waiting for tasks
DEBUG 2019-05-11 00:45:27,643 process_tasks 8812 140508713035392 waiting for tasks
DEBUG 2019-05-11 00:45:32,656 process_tasks 8812 140508713035392 waiting for tasks
DEBUG 2019-05-11 00:45:37,667 process_tasks 8812 140508713035392 waiting for tasks
DEBUG 2019-05-11 00:45:42,678 process_tasks 8812 140508713035392 waiting for tasks
DEBUG 2019-05-11 00:45:47,688 process_tasks 8812 140508713035392 waiting for tasks
DEBUG 2019-05-11 00:45:52,700 process_tasks 8812 140508713035392 waiting for tasks
DEBUG 2019-05-11 00:45:57,710 process_tasks 8812 140508713035392 waiting for tasks
DEBUG 2019-05-11 00:46:02,722 process_tasks 8812 140508713035392 waiting for tasks
DEBUG 2019-05-11 00:46:07,727 process_tasks 8812 140508713035392 waiting for tasks
DEBUG 2019-05-11 00:46:12,739 process_tasks 8812 140508713035392 waiting for tasks
DEBUG 2019-05-11 00:46:17,749 process_tasks 8812 140508713035392 waiting for tasks
DEBUG 2019-05-11 00:46:22,755 process_tasks 8812 140508713035392 waiting for tasks
DEBUG 2019-05-11 00:46:27,764 process_tasks 8812 140508713035392 waiting for tasks
DEBUG 2019-05-11 00:46:32,776 process_tasks 8812 140508713035392 waiting for tasks
DEBUG 2019-05-11 00:46:37,786 process_tasks 8812 140508713035392 waiting for tasks
DEBUG 2019-05-11 00:46:42,794 process_tasks 8812 140508713035392 waiting for tasks
DEBUG 2019-05-11 00:46:47,798 process_tasks 8812 140508713035392 waiting for tasks
DEBUG 2019-05-11 00:46:52,808 process_tasks 8812 140508713035392 waiting for tasks
DEBUG 2019-05-11 00:46:57,819 process_tasks 8812 140508713035392 waiting for tasks
DEBUG 2019-05-11 00:47:02,828 process_tasks 8812 140508713035392 waiting for tasks
DEBUG 2019-05-11 00:47:07,837 process_tasks 8812 140508713035392 waiting for tasks
DEBUG 2019-05-11 00:47:12,842 process_tasks 8812 140508713035392 waiting for tasks
DEBUG 2019-05-11 00:47:17,854 process_tasks 8812 140508713035392 waiting for tasks
DEBUG 2019-05-11 00:47:22,862 process_tasks 8812 140508713035392 waiting for tasks
DEBUG 2019-05-11 00:47:27,870 process_tasks 8812 140508713035392 waiting for tasks
DEBUG 2019-05-11 00:47:32,878 process_tasks 8812 140508713035392 waiting for tasks
DEBUG 2019-05-11 00:47:37,890 process_tasks 8812 140508713035392 waiting for tasks
DEBUG 2019-05-11 00:47:42,901 process_tasks 8812 140508713035392 waiting for tasks
DEBUG 2019-05-11 00:47:47,910 process_tasks 8812 140508713035392 waiting for tasks
DEBUG 2019-05-11 00:47:52,920 process_tasks 8812 140508713035392 waiting for tasks
DEBUG 2019-05-11 00:47:57,930 process_tasks 8812 140508713035392 waiting for tasks
DEBUG 2019-05-11 00:48:02,937 process_tasks 8812 140508713035392 waiting for tasks
DEBUG 2019-05-11 00:48:07,949 process_tasks 8812 140508713035392 waiting for tasks
DEBUG 2019-05-11 00:48:12,960 process_tasks 8812 140508713035392 waiting for tasks
DEBUG 2019-05-11 00:48:17,975 process_tasks 8812 140508713035392 waiting for tasks
DEBUG 2019-05-11 00:48:22,985 process_tasks 8812 140508713035392 waiting for tasks
DEBUG 2019-05-11 00:48:27,990 process_tasks 8812 140508713035392 waiting for tasks
DEBUG 2019-05-11 00:48:33,008 process_tasks 8812 140508713035392 waiting for tasks
DEBUG 2019-05-11 00:48:38,022 process_tasks 8812 140508713035392 waiting for tasks
DEBUG 2019-05-11 00:48:43,038 process_tasks 8812 140508713035392 waiting for tasks
DEBUG 2019-05-11 00:48:48,045 process_tasks 8812 140508713035392 waiting for tasks
DEBUG 2019-05-11 00:48:53,052 process_tasks 8812 140508713035392 waiting for tasks
DEBUG 2019-05-11 00:48:58,061 process_tasks 8812 140508713035392 waiting for tasks
DEBUG 2019-05-11 00:49:03,066 process_tasks 8812 140508713035392 waiting for tasks
DEBUG 2019-05-11 00:49:08,078 process_tasks 8812 140508713035392 waiting for tasks
DEBUG 2019-05-11 00:49:13,084 process_tasks 8812 140508713035392 waiting for tasks
DEBUG 2019-05-11 00:49:18,094 process_tasks 8812 140508713035392 waiting for tasks
DEBUG 2019-05-11 00:49:23,102 process_tasks 8812 140508713035392 waiting for tasks
DEBUG 2019-05-11 00:49:28,114 process_tasks 8812 140508713035392 waiting for tasks
DEBUG 2019-05-11 00:49:33,127 process_tasks 8812 140508713035392 waiting for tasks
DEBUG 2019-05-11 00:49:38,139 process_tasks 8812 140508713035392 waiting for tasks
DEBUG 2019-05-11 00:49:43,150 process_tasks 8812 140508713035392 waiting for tasks
DEBUG 2019-05-11 00:49:48,160 process_tasks 8812 140508713035392 waiting for tasks
DEBUG 2019-05-11 00:49:53,169 process_tasks 8812 140508713035392 waiting for tasks
DEBUG 2019-05-11 00:49:58,178 process_tasks 8812 140508713035392 waiting for tasks
DEBUG 2019-05-11 00:50:03,185 process_tasks 8812 140508713035392 waiting for tasks
DEBUG 2019-05-11 00:50:08,198 process_tasks 8812 140508713035392 waiting for tasks
DEBUG 2019-05-11 00:50:13,208 process_tasks 8812 140508713035392 waiting for tasks
DEBUG 2019-05-11 00:50:18,218 process_tasks 8812 140508713035392 waiting for tasks
DEBUG 2019-05-11 00:50:23,228 process_tasks 8812 140508713035392 waiting for tasks
DEBUG 2019-05-11 00:50:28,237 process_tasks 8812 140508713035392 waiting for tasks
DEBUG 2019-05-11 00:50:33,246 process_tasks 8812 140508713035392 waiting for tasks
DEBUG 2019-05-11 00:50:38,257 process_tasks 8812 140508713035392 waiting for tasks
DEBUG 2019-05-11 00:50:43,267 process_tasks 8812 140508713035392 waiting for tasks
DEBUG 2019-05-11 00:50:48,279 process_tasks 8812 140508713035392 waiting for tasks
DEBUG 2019-05-11 00:50:53,285 process_tasks 8812 140508713035392 waiting for tasks
DEBUG 2019-05-11 00:50:58,294 process_tasks 8812 140508713035392 waiting for tasks
DEBUG 2019-05-11 00:51:03,304 process_tasks 8812 140508713035392 waiting for tasks
DEBUG 2019-05-11 00:51:08,313 process_tasks 8812 140508713035392 waiting for tasks
DEBUG 2019-05-11 00:51:13,325 process_tasks 8812 140508713035392 waiting for tasks
DEBUG 2019-05-11 00:51:18,334 process_tasks 8812 140508713035392 waiting for tasks
DEBUG 2019-05-11 00:51:23,344 process_tasks 8812 140508713035392 waiting for tasks
DEBUG 2019-05-11 00:51:28,353 process_tasks 8812 140508713035392 waiting for tasks
DEBUG 2019-05-11 00:51:33,365 process_tasks 8812 140508713035392 waiting for tasks
DEBUG 2019-05-11 00:51:38,373 process_tasks 8812 140508713035392 waiting for tasks
DEBUG 2019-05-11 00:51:43,381 process_tasks 8812 140508713035392 waiting for tasks
DEBUG 2019-05-11 00:51:48,393 process_tasks 8812 140508713035392 waiting for tasks
DEBUG 2019-05-11 00:51:53,403 process_tasks 8812 140508713035392 waiting for tasks
DEBUG 2019-05-11 00:51:58,412 process_tasks 8812 140508713035392 waiting for tasks
DEBUG 2019-05-11 00:52:03,420 process_tasks 8812 140508713035392 waiting for tasks
DEBUG 2019-05-11 00:52:08,430 process_tasks 8812 140508713035392 waiting for tasks
DEBUG 2019-05-11 00:52:13,442 process_tasks 8812 140508713035392 waiting for tasks
DEBUG 2019-05-11 00:52:18,449 process_tasks 8812 140508713035392 waiting for tasks
DEBUG 2019-05-11 00:52:23,458 process_tasks 8812 140508713035392 waiting for tasks
DEBUG 2019-05-11 00:52:28,464 process_tasks 8812 140508713035392 waiting for tasks
DEBUG 2019-05-11 00:52:33,472 process_tasks 8812 140508713035392 waiting for tasks
DEBUG 2019-05-11 00:52:38,483 process_tasks 8812 140508713035392 waiting for tasks
DEBUG 2019-05-11 00:52:43,496 process_tasks 8812 140508713035392 waiting for tasks
DEBUG 2019-05-11 00:52:48,507 process_tasks 8812 140508713035392 waiting for tasks
DEBUG 2019-05-11 00:52:53,517 process_tasks 8812 140508713035392 waiting for tasks
DEBUG 2019-05-11 00:52:58,528 process_tasks 8812 140508713035392 waiting for tasks
DEBUG 2019-05-11 00:53:03,537 process_tasks 8812 140508713035392 waiting for tasks
DEBUG 2019-05-11 00:53:08,549 process_tasks 8812 140508713035392 waiting for tasks
DEBUG 2019-05-11 00:53:13,560 process_tasks 8812 140508713035392 waiting for tasks
DEBUG 2019-05-11 00:53:18,576 process_tasks 8812 140508713035392 waiting for tasks
DEBUG 2019-05-11 00:53:23,589 process_tasks 8812 140508713035392 waiting for tasks
DEBUG 2019-05-11 00:53:28,600 process_tasks 8812 140508713035392 waiting for tasks
DEBUG 2019-05-11 00:53:33,611 process_tasks 8812 140508713035392 waiting for tasks
DEBUG 2019-05-11 00:53:38,622 process_tasks 8812 140508713035392 waiting for tasks
DEBUG 2019-05-11 00:53:43,634 process_tasks 8812 140508713035392 waiting for tasks
DEBUG 2019-05-11 00:53:48,642 process_tasks 8812 140508713035392 waiting for tasks
DEBUG 2019-05-11 00:53:53,651 process_tasks 8812 140508713035392 waiting for tasks
DEBUG 2019-05-11 00:53:58,659 process_tasks 8812 140508713035392 waiting for tasks
DEBUG 2019-05-11 00:54:03,671 process_tasks 8812 140508713035392 waiting for tasks
DEBUG 2019-05-11 00:54:08,681 process_tasks 8812 140508713035392 waiting for tasks
DEBUG 2019-05-11 00:54:13,693 process_tasks 8812 140508713035392 waiting for tasks
DEBUG 2019-05-11 00:54:18,703 process_tasks 8812 140508713035392 waiting for tasks
DEBUG 2019-05-11 00:54:23,714 process_tasks 8812 140508713035392 waiting for tasks
DEBUG 2019-05-11 00:54:28,725 process_tasks 8812 140508713035392 waiting for tasks
DEBUG 2019-05-11 00:54:33,733 process_tasks 8812 140508713035392 waiting for tasks
DEBUG 2019-05-11 00:54:38,743 process_tasks 8812 140508713035392 waiting for tasks
DEBUG 2019-05-11 00:54:43,754 process_tasks 8812 140508713035392 waiting for tasks
DEBUG 2019-05-11 00:54:48,763 process_tasks 8812 140508713035392 waiting for tasks
DEBUG 2019-05-11 00:54:53,774 process_tasks 8812 140508713035392 waiting for tasks
DEBUG 2019-05-11 00:54:58,783 process_tasks 8812 140508713035392 waiting for tasks
DEBUG 2019-05-11 00:55:03,793 process_tasks 8812 140508713035392 waiting for tasks
DEBUG 2019-05-11 00:55:08,800 process_tasks 8812 140508713035392 waiting for tasks
DEBUG 2019-05-11 00:55:13,820 process_tasks 8812 140508713035392 waiting for tasks
DEBUG 2019-05-11 00:55:18,840 process_tasks 8812 140508713035392 waiting for tasks
DEBUG 2019-05-11 00:55:23,852 process_tasks 8812 140508713035392 waiting for tasks
DEBUG 2019-05-11 00:55:28,863 process_tasks 8812 140508713035392 waiting for tasks
DEBUG 2019-05-11 00:55:33,871 process_tasks 8812 140508713035392 waiting for tasks
DEBUG 2019-05-11 00:55:38,884 process_tasks 8812 140508713035392 waiting for tasks
DEBUG 2019-05-11 00:55:43,897 process_tasks 8812 140508713035392 waiting for tasks
DEBUG 2019-05-11 00:55:48,910 process_tasks 8812 140508713035392 waiting for tasks
DEBUG 2019-05-11 00:55:53,921 process_tasks 8812 140508713035392 waiting for tasks
DEBUG 2019-05-11 00:55:58,932 process_tasks 8812 140508713035392 waiting for tasks
DEBUG 2019-05-11 00:56:03,942 process_tasks 8812 140508713035392 waiting for tasks
DEBUG 2019-05-11 00:56:08,949 process_tasks 8812 140508713035392 waiting for tasks
DEBUG 2019-05-11 00:56:13,957 process_tasks 8812 140508713035392 waiting for tasks
DEBUG 2019-05-11 00:56:18,968 process_tasks 8812 140508713035392 waiting for tasks
DEBUG 2019-05-11 00:56:23,979 process_tasks 8812 140508713035392 waiting for tasks
DEBUG 2019-05-11 00:56:28,992 process_tasks 8812 140508713035392 waiting for tasks
DEBUG 2019-05-11 00:56:33,998 process_tasks 8812 140508713035392 waiting for tasks
DEBUG 2019-05-11 00:56:39,003 process_tasks 8812 140508713035392 waiting for tasks
DEBUG 2019-05-11 00:56:44,015 process_tasks 8812 140508713035392 waiting for tasks
DEBUG 2019-05-11 00:56:49,027 process_tasks 8812 140508713035392 waiting for tasks
DEBUG 2019-05-11 00:56:54,037 process_tasks 8812 140508713035392 waiting for tasks
DEBUG 2019-05-11 00:56:59,049 process_tasks 8812 140508713035392 waiting for tasks
DEBUG 2019-05-11 00:57:04,057 process_tasks 8812 140508713035392 waiting for tasks
DEBUG 2019-05-11 00:57:09,072 process_tasks 8812 140508713035392 waiting for tasks
DEBUG 2019-05-11 00:57:14,085 process_tasks 8812 140508713035392 waiting for tasks
DEBUG 2019-05-11 00:57:19,094 process_tasks 8812 140508713035392 waiting for tasks
DEBUG 2019-05-11 00:57:24,104 process_tasks 8812 140508713035392 waiting for tasks
DEBUG 2019-05-11 00:57:29,113 process_tasks 8812 140508713035392 waiting for tasks
DEBUG 2019-05-11 00:57:34,122 process_tasks 8812 140508713035392 waiting for tasks
DEBUG 2019-05-11 00:57:39,131 process_tasks 8812 140508713035392 waiting for tasks
DEBUG 2019-05-11 00:57:44,143 process_tasks 8812 140508713035392 waiting for tasks
DEBUG 2019-05-11 00:57:49,153 process_tasks 8812 140508713035392 waiting for tasks
DEBUG 2019-05-11 00:57:54,162 process_tasks 8812 140508713035392 waiting for tasks
DEBUG 2019-05-11 00:57:59,172 process_tasks 8812 140508713035392 waiting for tasks
DEBUG 2019-05-11 00:58:04,181 process_tasks 8812 140508713035392 waiting for tasks
DEBUG 2019-05-11 00:58:09,190 process_tasks 8812 140508713035392 waiting for tasks
DEBUG 2019-05-11 00:58:14,202 process_tasks 8812 140508713035392 waiting for tasks
DEBUG 2019-05-11 00:58:19,213 process_tasks 8812 140508713035392 waiting for tasks
DEBUG 2019-05-11 00:58:24,220 process_tasks 8812 140508713035392 waiting for tasks
DEBUG 2019-05-11 00:58:29,227 process_tasks 8812 140508713035392 waiting for tasks
DEBUG 2019-05-11 00:58:34,233 process_tasks 8812 140508713035392 waiting for tasks
DEBUG 2019-05-11 00:58:39,242 process_tasks 8812 140508713035392 waiting for tasks
DEBUG 2019-05-11 00:58:44,250 process_tasks 8812 140508713035392 waiting for tasks
DEBUG 2019-05-11 00:58:49,259 process_tasks 8812 140508713035392 waiting for tasks
DEBUG 2019-05-11 00:58:54,271 process_tasks 8812 140508713035392 waiting for tasks
DEBUG 2019-05-11 00:58:59,281 process_tasks 8812 140508713035392 waiting for tasks
DEBUG 2019-05-11 00:59:04,289 process_tasks 8812 140508713035392 waiting for tasks
DEBUG 2019-05-11 00:59:09,296 process_tasks 8812 140508713035392 waiting for tasks
DEBUG 2019-05-11 00:59:14,306 process_tasks 8812 140508713035392 waiting for tasks
DEBUG 2019-05-11 00:59:19,314 process_tasks 8812 140508713035392 waiting for tasks
DEBUG 2019-05-11 00:59:24,324 process_tasks 8812 140508713035392 waiting for tasks
DEBUG 2019-05-11 00:59:29,335 process_tasks 8812 140508713035392 waiting for tasks
DEBUG 2019-05-11 00:59:34,353 process_tasks 8812 140508713035392 waiting for tasks
DEBUG 2019-05-11 00:59:39,361 process_tasks 8812 140508713035392 waiting for tasks
DEBUG 2019-05-11 00:59:44,371 process_tasks 8812 140508713035392 waiting for tasks
DEBUG 2019-05-11 00:59:49,381 process_tasks 8812 140508713035392 waiting for tasks
DEBUG 2019-05-11 00:59:54,392 process_tasks 8812 140508713035392 waiting for tasks
DEBUG 2019-05-11 00:59:59,402 process_tasks 8812 140508713035392 waiting for tasks
DEBUG 2019-05-11 01:00:04,407 process_tasks 8812 140508713035392 waiting for tasks
DEBUG 2019-05-11 01:00:09,415 process_tasks 8812 140508713035392 waiting for tasks
DEBUG 2019-05-11 01:00:14,422 process_tasks 8812 140508713035392 waiting for tasks
DEBUG 2019-05-11 01:00:19,431 process_tasks 8812 140508713035392 waiting for tasks
DEBUG 2019-05-11 01:00:24,440 process_tasks 8812 140508713035392 waiting for tasks
DEBUG 2019-05-11 01:00:29,451 process_tasks 8812 140508713035392 waiting for tasks
DEBUG 2019-05-11 01:00:34,460 process_tasks 8812 140508713035392 waiting for tasks
DEBUG 2019-05-11 01:00:39,469 process_tasks 8812 140508713035392 waiting for tasks
DEBUG 2019-05-11 01:00:44,478 process_tasks 8812 140508713035392 waiting for tasks
DEBUG 2019-05-11 01:00:49,490 process_tasks 8812 140508713035392 waiting for tasks
DEBUG 2019-05-11 01:00:54,503 process_tasks 8812 140508713035392 waiting for tasks
DEBUG 2019-05-11 01:00:59,516 process_tasks 8812 140508713035392 waiting for tasks
DEBUG 2019-05-11 01:01:04,523 process_tasks 8812 140508713035392 waiting for tasks
DEBUG 2019-05-11 01:01:09,535 process_tasks 8812 140508713035392 waiting for tasks
DEBUG 2019-05-11 01:01:14,542 process_tasks 8812 140508713035392 waiting for tasks
DEBUG 2019-05-11 01:01:19,549 process_tasks 8812 140508713035392 waiting for tasks
DEBUG 2019-05-11 01:01:24,563 process_tasks 8812 140508713035392 waiting for tasks
DEBUG 2019-05-11 01:01:29,572 process_tasks 8812 140508713035392 waiting for tasks
DEBUG 2019-05-11 01:01:34,580 process_tasks 8812 140508713035392 waiting for tasks
DEBUG 2019-05-11 01:01:39,585 process_tasks 8812 140508713035392 waiting for tasks
DEBUG 2019-05-11 01:01:44,594 process_tasks 8812 140508713035392 waiting for tasks
DEBUG 2019-05-11 01:01:49,603 process_tasks 8812 140508713035392 waiting for tasks
DEBUG 2019-05-11 01:01:54,613 process_tasks 8812 140508713035392 waiting for tasks
DEBUG 2019-05-11 01:01:59,620 process_tasks 8812 140508713035392 waiting for tasks
DEBUG 2019-05-11 01:02:04,631 process_tasks 8812 140508713035392 waiting for tasks
DEBUG 2019-05-11 01:02:09,642 process_tasks 8812 140508713035392 waiting for tasks
DEBUG 2019-05-11 01:02:14,653 process_tasks 8812 140508713035392 waiting for tasks
DEBUG 2019-05-11 01:02:19,661 process_tasks 8812 140508713035392 waiting for tasks
DEBUG 2019-05-11 01:02:24,668 process_tasks 8812 140508713035392 waiting for tasks
DEBUG 2019-05-11 01:02:29,679 process_tasks 8812 140508713035392 waiting for tasks
DEBUG 2019-05-11 01:02:34,694 process_tasks 8812 140508713035392 waiting for tasks
DEBUG 2019-05-11 01:02:39,705 process_tasks 8812 140508713035392 waiting for tasks
DEBUG 2019-05-11 01:02:44,710 process_tasks 8812 140508713035392 waiting for tasks
DEBUG 2019-05-11 01:02:49,718 process_tasks 8812 140508713035392 waiting for tasks
DEBUG 2019-05-11 01:02:54,729 process_tasks 8812 140508713035392 waiting for tasks
DEBUG 2019-05-11 01:02:59,733 process_tasks 8812 140508713035392 waiting for tasks
DEBUG 2019-05-11 01:03:04,743 process_tasks 8812 140508713035392 waiting for tasks
DEBUG 2019-05-11 01:03:09,756 process_tasks 8812 140508713035392 waiting for tasks
DEBUG 2019-05-11 01:03:14,766 process_tasks 8812 140508713035392 waiting for tasks
DEBUG 2019-05-11 01:03:19,775 process_tasks 8812 140508713035392 waiting for tasks
DEBUG 2019-05-11 01:03:24,785 process_tasks 8812 140508713035392 waiting for tasks
DEBUG 2019-05-11 01:03:29,797 process_tasks 8812 140508713035392 waiting for tasks
DEBUG 2019-05-11 01:03:34,807 process_tasks 8812 140508713035392 waiting for tasks
DEBUG 2019-05-11 01:03:39,817 process_tasks 8812 140508713035392 waiting for tasks
DEBUG 2019-05-11 01:03:44,828 process_tasks 8812 140508713035392 waiting for tasks
DEBUG 2019-05-11 01:03:49,840 process_tasks 8812 140508713035392 waiting for tasks
DEBUG 2019-05-11 01:03:54,845 process_tasks 8812 140508713035392 waiting for tasks
DEBUG 2019-05-11 01:03:59,853 process_tasks 8812 140508713035392 waiting for tasks
DEBUG 2019-05-11 01:04:04,864 process_tasks 8812 140508713035392 waiting for tasks
DEBUG 2019-05-11 01:04:09,880 process_tasks 8812 140508713035392 waiting for tasks
DEBUG 2019-05-11 01:04:14,890 process_tasks 8812 140508713035392 waiting for tasks
DEBUG 2019-05-11 01:04:19,901 process_tasks 8812 140508713035392 waiting for tasks
DEBUG 2019-05-11 01:04:24,917 process_tasks 8812 140508713035392 waiting for tasks
DEBUG 2019-05-11 01:04:29,934 process_tasks 8812 140508713035392 waiting for tasks
DEBUG 2019-05-11 01:04:34,947 process_tasks 8812 140508713035392 waiting for tasks
DEBUG 2019-05-11 01:04:39,956 process_tasks 8812 140508713035392 waiting for tasks
DEBUG 2019-05-11 01:04:44,967 process_tasks 8812 140508713035392 waiting for tasks
DEBUG 2019-05-11 01:04:49,974 process_tasks 8812 140508713035392 waiting for tasks
DEBUG 2019-05-11 01:04:54,984 process_tasks 8812 140508713035392 waiting for tasks
DEBUG 2019-05-11 01:04:59,997 process_tasks 8812 140508713035392 waiting for tasks
DEBUG 2019-05-11 01:05:05,005 process_tasks 8812 140508713035392 waiting for tasks
DEBUG 2019-05-11 01:05:10,011 process_tasks 8812 140508713035392 waiting for tasks
DEBUG 2019-05-11 01:05:15,018 process_tasks 8812 140508713035392 waiting for tasks
DEBUG 2019-05-11 01:05:20,028 process_tasks 8812 140508713035392 waiting for tasks
DEBUG 2019-05-11 01:05:25,035 process_tasks 8812 140508713035392 waiting for tasks
DEBUG 2019-05-11 01:05:30,045 process_tasks 8812 140508713035392 waiting for tasks
DEBUG 2019-05-11 01:05:35,054 process_tasks 8812 140508713035392 waiting for tasks
DEBUG 2019-05-11 01:05:40,065 process_tasks 8812 140508713035392 waiting for tasks
DEBUG 2019-05-11 01:05:45,075 process_tasks 8812 140508713035392 waiting for tasks
DEBUG 2019-05-11 01:05:50,083 process_tasks 8812 140508713035392 waiting for tasks
DEBUG 2019-05-11 01:05:55,093 process_tasks 8812 140508713035392 waiting for tasks
DEBUG 2019-05-11 01:06:00,100 process_tasks 8812 140508713035392 waiting for tasks
DEBUG 2019-05-11 01:06:05,110 process_tasks 8812 140508713035392 waiting for tasks
DEBUG 2019-05-11 01:06:10,116 process_tasks 8812 140508713035392 waiting for tasks
DEBUG 2019-05-11 01:06:15,130 process_tasks 8812 140508713035392 waiting for tasks
DEBUG 2019-05-11 01:06:20,142 process_tasks 8812 140508713035392 waiting for tasks
DEBUG 2019-05-11 01:06:25,153 process_tasks 8812 140508713035392 waiting for tasks
DEBUG 2019-05-11 01:06:30,161 process_tasks 8812 140508713035392 waiting for tasks
DEBUG 2019-05-11 01:06:35,169 process_tasks 8812 140508713035392 waiting for tasks
DEBUG 2019-05-11 01:06:40,178 process_tasks 8812 140508713035392 waiting for tasks
DEBUG 2019-05-11 01:06:45,189 process_tasks 8812 140508713035392 waiting for tasks
DEBUG 2019-05-11 01:06:50,203 process_tasks 8812 140508713035392 waiting for tasks
DEBUG 2019-05-11 01:06:55,211 process_tasks 8812 140508713035392 waiting for tasks
DEBUG 2019-05-11 01:07:00,228 process_tasks 8812 140508713035392 waiting for tasks
DEBUG 2019-05-11 01:07:05,237 process_tasks 8812 140508713035392 waiting for tasks
DEBUG 2019-05-11 01:07:10,244 process_tasks 8812 140508713035392 waiting for tasks
DEBUG 2019-05-11 01:07:15,255 process_tasks 8812 140508713035392 waiting for tasks
DEBUG 2019-05-11 01:07:20,264 process_tasks 8812 140508713035392 waiting for tasks
DEBUG 2019-05-11 01:07:25,273 process_tasks 8812 140508713035392 waiting for tasks
DEBUG 2019-05-11 01:07:30,282 process_tasks 8812 140508713035392 waiting for tasks
DEBUG 2019-05-11 01:07:35,296 process_tasks 8812 140508713035392 waiting for tasks
DEBUG 2019-05-11 01:07:40,303 process_tasks 8812 140508713035392 waiting for tasks
DEBUG 2019-05-11 01:07:45,313 process_tasks 8812 140508713035392 waiting for tasks
DEBUG 2019-05-11 01:07:50,322 process_tasks 8812 140508713035392 waiting for tasks
DEBUG 2019-05-11 01:07:55,334 process_tasks 8812 140508713035392 waiting for tasks
DEBUG 2019-05-11 01:08:00,344 process_tasks 8812 140508713035392 waiting for tasks
DEBUG 2019-05-11 01:08:05,352 process_tasks 8812 140508713035392 waiting for tasks
DEBUG 2019-05-11 01:08:10,362 process_tasks 8812 140508713035392 waiting for tasks
DEBUG 2019-05-11 01:08:15,375 process_tasks 8812 140508713035392 waiting for tasks
DEBUG 2019-05-11 01:08:20,387 process_tasks 8812 140508713035392 waiting for tasks
DEBUG 2019-05-11 01:08:25,396 process_tasks 8812 140508713035392 waiting for tasks
DEBUG 2019-05-11 01:08:30,409 process_tasks 8812 140508713035392 waiting for tasks
DEBUG 2019-05-11 01:08:35,417 process_tasks 8812 140508713035392 waiting for tasks
DEBUG 2019-05-11 01:08:40,423 process_tasks 8812 140508713035392 waiting for tasks
DEBUG 2019-05-11 01:08:45,435 process_tasks 8812 140508713035392 waiting for tasks
DEBUG 2019-05-11 01:08:50,446 process_tasks 8812 140508713035392 waiting for tasks
DEBUG 2019-05-11 01:08:55,461 process_tasks 8812 140508713035392 waiting for tasks
DEBUG 2019-05-11 01:09:00,470 process_tasks 8812 140508713035392 waiting for tasks
DEBUG 2019-05-11 01:09:05,478 process_tasks 8812 140508713035392 waiting for tasks
DEBUG 2019-05-11 01:09:10,487 process_tasks 8812 140508713035392 waiting for tasks
DEBUG 2019-05-11 01:09:15,496 process_tasks 8812 140508713035392 waiting for tasks
DEBUG 2019-05-11 01:09:20,505 process_tasks 8812 140508713035392 waiting for tasks
DEBUG 2019-05-11 01:09:25,513 process_tasks 8812 140508713035392 waiting for tasks
DEBUG 2019-05-11 01:09:30,521 process_tasks 8812 140508713035392 waiting for tasks
DEBUG 2019-05-11 01:09:35,530 process_tasks 8812 140508713035392 waiting for tasks
DEBUG 2019-05-11 01:09:40,543 process_tasks 8812 140508713035392 waiting for tasks
DEBUG 2019-05-11 01:09:45,556 process_tasks 8812 140508713035392 waiting for tasks
DEBUG 2019-05-11 01:09:50,571 process_tasks 8812 140508713035392 waiting for tasks
DEBUG 2019-05-11 01:09:55,589 process_tasks 8812 140508713035392 waiting for tasks
DEBUG 2019-05-11 01:10:00,599 process_tasks 8812 140508713035392 waiting for tasks
DEBUG 2019-05-11 01:10:05,608 process_tasks 8812 140508713035392 waiting for tasks
DEBUG 2019-05-11 01:10:10,623 process_tasks 8812 140508713035392 waiting for tasks
DEBUG 2019-05-11 01:10:15,634 process_tasks 8812 140508713035392 waiting for tasks
DEBUG 2019-05-11 01:10:20,644 process_tasks 8812 140508713035392 waiting for tasks
DEBUG 2019-05-11 01:10:25,650 process_tasks 8812 140508713035392 waiting for tasks
DEBUG 2019-05-11 01:10:30,662 process_tasks 8812 140508713035392 waiting for tasks
DEBUG 2019-05-11 01:10:35,681 process_tasks 8812 140508713035392 waiting for tasks
DEBUG 2019-05-11 01:10:40,693 process_tasks 8812 140508713035392 waiting for tasks
DEBUG 2019-05-11 01:10:45,705 process_tasks 8812 140508713035392 waiting for tasks
DEBUG 2019-05-11 01:10:50,717 process_tasks 8812 140508713035392 waiting for tasks
DEBUG 2019-05-11 01:10:55,729 process_tasks 8812 140508713035392 waiting for tasks
DEBUG 2019-05-11 01:11:00,738 process_tasks 8812 140508713035392 waiting for tasks
DEBUG 2019-05-11 01:11:05,751 process_tasks 8812 140508713035392 waiting for tasks
DEBUG 2019-05-11 01:11:10,764 process_tasks 8812 140508713035392 waiting for tasks
DEBUG 2019-05-11 01:11:15,775 process_tasks 8812 140508713035392 waiting for tasks
DEBUG 2019-05-11 01:11:20,794 process_tasks 8812 140508713035392 waiting for tasks
DEBUG 2019-05-11 01:11:25,802 process_tasks 8812 140508713035392 waiting for tasks
DEBUG 2019-05-11 01:11:30,808 process_tasks 8812 140508713035392 waiting for tasks
DEBUG 2019-05-11 01:11:35,822 process_tasks 8812 140508713035392 waiting for tasks
DEBUG 2019-05-11 01:11:40,831 process_tasks 8812 140508713035392 waiting for tasks
DEBUG 2019-05-11 01:11:45,841 process_tasks 8812 140508713035392 waiting for tasks
DEBUG 2019-05-11 01:11:50,851 process_tasks 8812 140508713035392 waiting for tasks
DEBUG 2019-05-11 01:11:55,859 process_tasks 8812 140508713035392 waiting for tasks
DEBUG 2019-05-11 01:12:00,868 process_tasks 8812 140508713035392 waiting for tasks
DEBUG 2019-05-11 01:12:05,880 process_tasks 8812 140508713035392 waiting for tasks
DEBUG 2019-05-11 01:12:10,887 process_tasks 8812 140508713035392 waiting for tasks
DEBUG 2019-05-11 01:12:15,899 process_tasks 8812 140508713035392 waiting for tasks
DEBUG 2019-05-11 01:12:20,910 process_tasks 8812 140508713035392 waiting for tasks
DEBUG 2019-05-11 01:12:25,919 process_tasks 8812 140508713035392 waiting for tasks
DEBUG 2019-05-11 01:12:30,930 process_tasks 8812 140508713035392 waiting for tasks
DEBUG 2019-05-11 01:12:35,940 process_tasks 8812 140508713035392 waiting for tasks
DEBUG 2019-05-11 01:12:40,952 process_tasks 8812 140508713035392 waiting for tasks
DEBUG 2019-05-11 01:12:45,963 process_tasks 8812 140508713035392 waiting for tasks
DEBUG 2019-05-11 01:12:50,975 process_tasks 8812 140508713035392 waiting for tasks
DEBUG 2019-05-11 01:12:55,986 process_tasks 8812 140508713035392 waiting for tasks
DEBUG 2019-05-11 01:13:00,993 process_tasks 8812 140508713035392 waiting for tasks
DEBUG 2019-05-11 01:13:06,004 process_tasks 8812 140508713035392 waiting for tasks
DEBUG 2019-05-11 01:13:11,017 process_tasks 8812 140508713035392 waiting for tasks
DEBUG 2019-05-11 01:13:16,028 process_tasks 8812 140508713035392 waiting for tasks
DEBUG 2019-05-11 01:13:21,039 process_tasks 8812 140508713035392 waiting for tasks
DEBUG 2019-05-11 01:13:26,049 process_tasks 8812 140508713035392 waiting for tasks
DEBUG 2019-05-11 01:13:31,056 process_tasks 8812 140508713035392 waiting for tasks
DEBUG 2019-05-11 01:13:36,065 process_tasks 8812 140508713035392 waiting for tasks
DEBUG 2019-05-11 01:13:41,078 process_tasks 8812 140508713035392 waiting for tasks
DEBUG 2019-05-11 01:13:46,083 process_tasks 8812 140508713035392 waiting for tasks
DEBUG 2019-05-11 01:13:51,091 process_tasks 8812 140508713035392 waiting for tasks
DEBUG 2019-05-11 01:13:56,102 process_tasks 8812 140508713035392 waiting for tasks
DEBUG 2019-05-11 01:14:01,114 process_tasks 8812 140508713035392 waiting for tasks
DEBUG 2019-05-11 01:14:06,120 process_tasks 8812 140508713035392 waiting for tasks
DEBUG 2019-05-11 01:14:11,130 process_tasks 8812 140508713035392 waiting for tasks
DEBUG 2019-05-11 01:14:16,138 process_tasks 8812 140508713035392 waiting for tasks
DEBUG 2019-05-11 01:14:21,150 process_tasks 8812 140508713035392 waiting for tasks
DEBUG 2019-05-11 01:14:26,160 process_tasks 8812 140508713035392 waiting for tasks
DEBUG 2019-05-11 01:14:31,171 process_tasks 8812 140508713035392 waiting for tasks
DEBUG 2019-05-11 01:14:36,178 process_tasks 8812 140508713035392 waiting for tasks
DEBUG 2019-05-11 01:14:41,183 process_tasks 8812 140508713035392 waiting for tasks
DEBUG 2019-05-11 01:14:46,198 process_tasks 8812 140508713035392 waiting for tasks
DEBUG 2019-05-11 01:14:51,207 process_tasks 8812 140508713035392 waiting for tasks
DEBUG 2019-05-11 01:14:56,218 process_tasks 8812 140508713035392 waiting for tasks
DEBUG 2019-05-11 01:15:01,228 process_tasks 8812 140508713035392 waiting for tasks
DEBUG 2019-05-11 01:15:06,239 process_tasks 8812 140508713035392 waiting for tasks
DEBUG 2019-05-11 01:15:11,247 process_tasks 8812 140508713035392 waiting for tasks
DEBUG 2019-05-11 01:15:16,261 process_tasks 8812 140508713035392 waiting for tasks
DEBUG 2019-05-11 01:15:21,272 process_tasks 8812 140508713035392 waiting for tasks
DEBUG 2019-05-11 01:15:26,288 process_tasks 8812 140508713035392 waiting for tasks
DEBUG 2019-05-11 01:15:31,305 process_tasks 8812 140508713035392 waiting for tasks
DEBUG 2019-05-11 01:15:36,316 process_tasks 8812 140508713035392 waiting for tasks
DEBUG 2019-05-11 01:15:41,327 process_tasks 8812 140508713035392 waiting for tasks
DEBUG 2019-05-11 01:15:46,340 process_tasks 8812 140508713035392 waiting for tasks
DEBUG 2019-05-11 01:15:51,358 process_tasks 8812 140508713035392 waiting for tasks
DEBUG 2019-05-11 01:15:56,364 process_tasks 8812 140508713035392 waiting for tasks
DEBUG 2019-05-11 01:16:01,376 process_tasks 8812 140508713035392 waiting for tasks
DEBUG 2019-05-11 01:16:06,385 process_tasks 8812 140508713035392 waiting for tasks
DEBUG 2019-05-11 01:16:11,395 process_tasks 8812 140508713035392 waiting for tasks
DEBUG 2019-05-11 01:16:16,408 process_tasks 8812 140508713035392 waiting for tasks
DEBUG 2019-05-11 01:16:21,419 process_tasks 8812 140508713035392 waiting for tasks
DEBUG 2019-05-11 01:16:26,428 process_tasks 8812 140508713035392 waiting for tasks
DEBUG 2019-05-11 01:16:31,441 process_tasks 8812 140508713035392 waiting for tasks
DEBUG 2019-05-11 01:16:36,448 process_tasks 8812 140508713035392 waiting for tasks
DEBUG 2019-05-11 01:16:41,456 process_tasks 8812 140508713035392 waiting for tasks
DEBUG 2019-05-11 01:16:46,468 process_tasks 8812 140508713035392 waiting for tasks
DEBUG 2019-05-11 01:16:51,480 process_tasks 8812 140508713035392 waiting for tasks
DEBUG 2019-05-11 01:16:56,488 process_tasks 8812 140508713035392 waiting for tasks
DEBUG 2019-05-11 01:17:01,500 process_tasks 8812 140508713035392 waiting for tasks
DEBUG 2019-05-11 01:17:06,520 process_tasks 8812 140508713035392 waiting for tasks
DEBUG 2019-05-11 01:17:11,531 process_tasks 8812 140508713035392 waiting for tasks
DEBUG 2019-05-11 01:17:16,542 process_tasks 8812 140508713035392 waiting for tasks
DEBUG 2019-05-11 01:17:21,556 process_tasks 8812 140508713035392 waiting for tasks
DEBUG 2019-05-11 01:17:26,566 process_tasks 8812 140508713035392 waiting for tasks
DEBUG 2019-05-11 01:17:31,573 process_tasks 8812 140508713035392 waiting for tasks
DEBUG 2019-05-11 01:17:36,586 process_tasks 8812 140508713035392 waiting for tasks
DEBUG 2019-05-11 01:17:41,602 process_tasks 8812 140508713035392 waiting for tasks
DEBUG 2019-05-11 01:17:46,610 process_tasks 8812 140508713035392 waiting for tasks
DEBUG 2019-05-11 01:17:51,621 process_tasks 8812 140508713035392 waiting for tasks
DEBUG 2019-05-11 01:17:56,626 process_tasks 8812 140508713035392 waiting for tasks
DEBUG 2019-05-11 01:18:01,636 process_tasks 8812 140508713035392 waiting for tasks
DEBUG 2019-05-11 01:18:06,646 process_tasks 8812 140508713035392 waiting for tasks
DEBUG 2019-05-11 01:18:11,659 process_tasks 8812 140508713035392 waiting for tasks
DEBUG 2019-05-11 01:18:16,666 process_tasks 8812 140508713035392 waiting for tasks
DEBUG 2019-05-11 01:18:21,677 process_tasks 8812 140508713035392 waiting for tasks
DEBUG 2019-05-11 01:18:26,684 process_tasks 8812 140508713035392 waiting for tasks
DEBUG 2019-05-11 01:18:31,692 process_tasks 8812 140508713035392 waiting for tasks
DEBUG 2019-05-11 01:18:36,704 process_tasks 8812 140508713035392 waiting for tasks
DEBUG 2019-05-11 01:18:41,712 process_tasks 8812 140508713035392 waiting for tasks
DEBUG 2019-05-11 01:18:46,723 process_tasks 8812 140508713035392 waiting for tasks
DEBUG 2019-05-11 01:18:51,742 process_tasks 8812 140508713035392 waiting for tasks
DEBUG 2019-05-11 01:18:56,750 process_tasks 8812 140508713035392 waiting for tasks
DEBUG 2019-05-11 01:19:01,761 process_tasks 8812 140508713035392 waiting for tasks
DEBUG 2019-05-11 01:19:06,770 process_tasks 8812 140508713035392 waiting for tasks
DEBUG 2019-05-11 01:19:11,777 process_tasks 8812 140508713035392 waiting for tasks
DEBUG 2019-05-11 01:19:16,787 process_tasks 8812 140508713035392 waiting for tasks
DEBUG 2019-05-11 01:19:21,797 process_tasks 8812 140508713035392 waiting for tasks
DEBUG 2019-05-11 01:19:26,804 process_tasks 8812 140508713035392 waiting for tasks
DEBUG 2019-05-11 01:19:31,813 process_tasks 8812 140508713035392 waiting for tasks
DEBUG 2019-05-11 01:19:36,825 process_tasks 8812 140508713035392 waiting for tasks
DEBUG 2019-05-11 01:19:41,834 process_tasks 8812 140508713035392 waiting for tasks
DEBUG 2019-05-11 01:19:46,845 process_tasks 8812 140508713035392 waiting for tasks
DEBUG 2019-05-11 01:19:51,856 process_tasks 8812 140508713035392 waiting for tasks
DEBUG 2019-05-11 01:19:56,860 process_tasks 8812 140508713035392 waiting for tasks
DEBUG 2019-05-11 01:20:01,869 process_tasks 8812 140508713035392 waiting for tasks
DEBUG 2019-05-11 01:20:06,880 process_tasks 8812 140508713035392 waiting for tasks
DEBUG 2019-05-11 01:20:11,892 process_tasks 8812 140508713035392 waiting for tasks
DEBUG 2019-05-11 01:20:16,902 process_tasks 8812 140508713035392 waiting for tasks
DEBUG 2019-05-11 01:20:21,912 process_tasks 8812 140508713035392 waiting for tasks
DEBUG 2019-05-11 01:20:26,921 process_tasks 8812 140508713035392 waiting for tasks
DEBUG 2019-05-11 01:20:31,932 process_tasks 8812 140508713035392 waiting for tasks
DEBUG 2019-05-11 01:20:36,942 process_tasks 8812 140508713035392 waiting for tasks
DEBUG 2019-05-11 01:20:41,952 process_tasks 8812 140508713035392 waiting for tasks
DEBUG 2019-05-11 01:20:46,958 process_tasks 8812 140508713035392 waiting for tasks
DEBUG 2019-05-11 01:20:51,978 process_tasks 8812 140508713035392 waiting for tasks
DEBUG 2019-05-11 01:20:56,994 process_tasks 8812 140508713035392 waiting for tasks
DEBUG 2019-05-11 01:21:02,006 process_tasks 8812 140508713035392 waiting for tasks
DEBUG 2019-05-11 01:21:07,020 process_tasks 8812 140508713035392 waiting for tasks
DEBUG 2019-05-11 01:21:12,033 process_tasks 8812 140508713035392 waiting for tasks
DEBUG 2019-05-11 01:21:17,045 process_tasks 8812 140508713035392 waiting for tasks
DEBUG 2019-05-11 01:21:22,059 process_tasks 8812 140508713035392 waiting for tasks
DEBUG 2019-05-11 01:21:27,074 process_tasks 8812 140508713035392 waiting for tasks
DEBUG 2019-05-11 01:21:32,094 process_tasks 8812 140508713035392 waiting for tasks
DEBUG 2019-05-11 01:21:37,116 process_tasks 8812 140508713035392 waiting for tasks
DEBUG 2019-05-11 01:21:42,135 process_tasks 8812 140508713035392 waiting for tasks
DEBUG 2019-05-11 01:21:47,147 process_tasks 8812 140508713035392 waiting for tasks
DEBUG 2019-05-11 01:21:52,154 process_tasks 8812 140508713035392 waiting for tasks
DEBUG 2019-05-11 01:21:57,164 process_tasks 8812 140508713035392 waiting for tasks
DEBUG 2019-05-11 01:22:02,173 process_tasks 8812 140508713035392 waiting for tasks
DEBUG 2019-05-11 01:22:07,190 process_tasks 8812 140508713035392 waiting for tasks
DEBUG 2019-05-11 01:22:12,203 process_tasks 8812 140508713035392 waiting for tasks
DEBUG 2019-05-11 01:22:17,213 process_tasks 8812 140508713035392 waiting for tasks
DEBUG 2019-05-11 01:22:22,224 process_tasks 8812 140508713035392 waiting for tasks
DEBUG 2019-05-11 01:22:27,235 process_tasks 8812 140508713035392 waiting for tasks
DEBUG 2019-05-11 01:22:32,242 process_tasks 8812 140508713035392 waiting for tasks
DEBUG 2019-05-11 01:22:37,251 process_tasks 8812 140508713035392 waiting for tasks
DEBUG 2019-05-11 01:22:42,264 process_tasks 8812 140508713035392 waiting for tasks
DEBUG 2019-05-11 01:22:47,275 process_tasks 8812 140508713035392 waiting for tasks
DEBUG 2019-05-11 01:22:52,285 process_tasks 8812 140508713035392 waiting for tasks
DEBUG 2019-05-11 01:22:57,295 process_tasks 8812 140508713035392 waiting for tasks
DEBUG 2019-05-11 01:23:02,309 process_tasks 8812 140508713035392 waiting for tasks
DEBUG 2019-05-11 01:23:07,315 process_tasks 8812 140508713035392 waiting for tasks
DEBUG 2019-05-11 01:23:12,323 process_tasks 8812 140508713035392 waiting for tasks
DEBUG 2019-05-11 01:23:17,334 process_tasks 8812 140508713035392 waiting for tasks
DEBUG 2019-05-11 01:23:22,342 process_tasks 8812 140508713035392 waiting for tasks
DEBUG 2019-05-11 01:23:27,351 process_tasks 8812 140508713035392 waiting for tasks
DEBUG 2019-05-11 01:23:32,363 process_tasks 8812 140508713035392 waiting for tasks
DEBUG 2019-05-11 01:23:37,374 process_tasks 8812 140508713035392 waiting for tasks
DEBUG 2019-05-11 01:23:42,386 process_tasks 8812 140508713035392 waiting for tasks
DEBUG 2019-05-11 01:23:47,400 process_tasks 8812 140508713035392 waiting for tasks
DEBUG 2019-05-11 01:23:52,419 process_tasks 8812 140508713035392 waiting for tasks
DEBUG 2019-05-11 01:23:57,437 process_tasks 8812 140508713035392 waiting for tasks
DEBUG 2019-05-11 01:24:02,454 process_tasks 8812 140508713035392 waiting for tasks
DEBUG 2019-05-11 01:24:07,465 process_tasks 8812 140508713035392 waiting for tasks
DEBUG 2019-05-11 01:24:12,476 process_tasks 8812 140508713035392 waiting for tasks
DEBUG 2019-05-11 01:24:17,483 process_tasks 8812 140508713035392 waiting for tasks
DEBUG 2019-05-11 01:24:22,494 process_tasks 8812 140508713035392 waiting for tasks
DEBUG 2019-05-11 01:24:27,505 process_tasks 8812 140508713035392 waiting for tasks
DEBUG 2019-05-11 01:24:32,517 process_tasks 8812 140508713035392 waiting for tasks
DEBUG 2019-05-11 01:24:37,528 process_tasks 8812 140508713035392 waiting for tasks
DEBUG 2019-05-11 01:24:42,540 process_tasks 8812 140508713035392 waiting for tasks
DEBUG 2019-05-11 01:24:47,548 process_tasks 8812 140508713035392 waiting for tasks
DEBUG 2019-05-11 01:24:52,562 process_tasks 8812 140508713035392 waiting for tasks
DEBUG 2019-05-11 01:24:57,572 process_tasks 8812 140508713035392 waiting for tasks
DEBUG 2019-05-11 01:25:02,580 process_tasks 8812 140508713035392 waiting for tasks
DEBUG 2019-05-11 01:25:07,590 process_tasks 8812 140508713035392 waiting for tasks
DEBUG 2019-05-11 01:25:12,602 process_tasks 8812 140508713035392 waiting for tasks
DEBUG 2019-05-11 01:25:17,611 process_tasks 8812 140508713035392 waiting for tasks
DEBUG 2019-05-11 01:25:22,618 process_tasks 8812 140508713035392 waiting for tasks
DEBUG 2019-05-11 01:25:27,628 process_tasks 8812 140508713035392 waiting for tasks
DEBUG 2019-05-11 01:25:32,633 process_tasks 8812 140508713035392 waiting for tasks
DEBUG 2019-05-11 01:25:37,644 process_tasks 8812 140508713035392 waiting for tasks
DEBUG 2019-05-11 01:25:42,657 process_tasks 8812 140508713035392 waiting for tasks
DEBUG 2019-05-11 01:25:47,666 process_tasks 8812 140508713035392 waiting for tasks
DEBUG 2019-05-11 01:25:52,677 process_tasks 8812 140508713035392 waiting for tasks
DEBUG 2019-05-11 01:25:57,684 process_tasks 8812 140508713035392 waiting for tasks
DEBUG 2019-05-11 01:26:02,692 process_tasks 8812 140508713035392 waiting for tasks
DEBUG 2019-05-11 01:26:07,696 process_tasks 8812 140508713035392 waiting for tasks
DEBUG 2019-05-11 01:26:12,703 process_tasks 8812 140508713035392 waiting for tasks
DEBUG 2019-05-11 01:26:17,713 process_tasks 8812 140508713035392 waiting for tasks
DEBUG 2019-05-11 01:26:22,727 process_tasks 8812 140508713035392 waiting for tasks
DEBUG 2019-05-11 01:26:27,734 process_tasks 8812 140508713035392 waiting for tasks
DEBUG 2019-05-11 01:26:32,746 process_tasks 8812 140508713035392 waiting for tasks
DEBUG 2019-05-11 01:26:37,753 process_tasks 8812 140508713035392 waiting for tasks
DEBUG 2019-05-11 01:26:42,764 process_tasks 8812 140508713035392 waiting for tasks
DEBUG 2019-05-11 01:26:47,775 process_tasks 8812 140508713035392 waiting for tasks
DEBUG 2019-05-11 01:26:52,787 process_tasks 8812 140508713035392 waiting for tasks
DEBUG 2019-05-11 01:26:57,797 process_tasks 8812 140508713035392 waiting for tasks
DEBUG 2019-05-11 01:27:02,807 process_tasks 8812 140508713035392 waiting for tasks
DEBUG 2019-05-11 01:27:07,815 process_tasks 8812 140508713035392 waiting for tasks
DEBUG 2019-05-11 01:27:12,828 process_tasks 8812 140508713035392 waiting for tasks
DEBUG 2019-05-11 01:27:17,839 process_tasks 8812 140508713035392 waiting for tasks
DEBUG 2019-05-11 01:27:22,847 process_tasks 8812 140508713035392 waiting for tasks
DEBUG 2019-05-11 01:27:27,855 process_tasks 8812 140508713035392 waiting for tasks
DEBUG 2019-05-11 01:27:32,863 process_tasks 8812 140508713035392 waiting for tasks
DEBUG 2019-05-11 01:27:37,876 process_tasks 8812 140508713035392 waiting for tasks
DEBUG 2019-05-11 01:27:42,884 process_tasks 8812 140508713035392 waiting for tasks
DEBUG 2019-05-11 01:27:47,895 process_tasks 8812 140508713035392 waiting for tasks
DEBUG 2019-05-11 01:27:52,911 process_tasks 8812 140508713035392 waiting for tasks
DEBUG 2019-05-11 01:27:57,922 process_tasks 8812 140508713035392 waiting for tasks
DEBUG 2019-05-11 01:28:02,931 process_tasks 8812 140508713035392 waiting for tasks
DEBUG 2019-05-11 01:28:07,945 process_tasks 8812 140508713035392 waiting for tasks
DEBUG 2019-05-11 01:28:12,952 process_tasks 8812 140508713035392 waiting for tasks
DEBUG 2019-05-11 01:28:17,964 process_tasks 8812 140508713035392 waiting for tasks
DEBUG 2019-05-11 01:28:22,970 process_tasks 8812 140508713035392 waiting for tasks
DEBUG 2019-05-11 01:28:27,981 process_tasks 8812 140508713035392 waiting for tasks
DEBUG 2019-05-11 01:28:32,990 process_tasks 8812 140508713035392 waiting for tasks
DEBUG 2019-05-11 01:28:38,175 process_tasks 8812 140508713035392 waiting for tasks
DEBUG 2019-05-11 01:28:43,185 process_tasks 8812 140508713035392 waiting for tasks
DEBUG 2019-05-11 01:28:48,198 process_tasks 8812 140508713035392 waiting for tasks
DEBUG 2019-05-11 01:28:53,204 process_tasks 8812 140508713035392 waiting for tasks
DEBUG 2019-05-11 01:28:58,215 process_tasks 8812 140508713035392 waiting for tasks
DEBUG 2019-05-11 01:29:03,224 process_tasks 8812 140508713035392 waiting for tasks
DEBUG 2019-05-11 01:29:08,230 process_tasks 8812 140508713035392 waiting for tasks
DEBUG 2019-05-11 01:29:13,238 process_tasks 8812 140508713035392 waiting for tasks
DEBUG 2019-05-11 01:29:18,246 process_tasks 8812 140508713035392 waiting for tasks
DEBUG 2019-05-11 01:29:23,263 process_tasks 8812 140508713035392 waiting for tasks
DEBUG 2019-05-11 01:29:28,273 process_tasks 8812 140508713035392 waiting for tasks
DEBUG 2019-05-11 01:29:33,284 process_tasks 8812 140508713035392 waiting for tasks
DEBUG 2019-05-11 01:29:38,295 process_tasks 8812 140508713035392 waiting for tasks
DEBUG 2019-05-11 01:29:43,304 process_tasks 8812 140508713035392 waiting for tasks
DEBUG 2019-05-11 01:29:48,311 process_tasks 8812 140508713035392 waiting for tasks
DEBUG 2019-05-11 01:29:53,325 process_tasks 8812 140508713035392 waiting for tasks
DEBUG 2019-05-11 01:29:58,333 process_tasks 8812 140508713035392 waiting for tasks
DEBUG 2019-05-11 01:30:03,344 process_tasks 8812 140508713035392 waiting for tasks
DEBUG 2019-05-11 01:30:08,353 process_tasks 8812 140508713035392 waiting for tasks
DEBUG 2019-05-11 01:30:13,363 process_tasks 8812 140508713035392 waiting for tasks
DEBUG 2019-05-11 01:30:18,375 process_tasks 8812 140508713035392 waiting for tasks
DEBUG 2019-05-11 01:30:23,387 process_tasks 8812 140508713035392 waiting for tasks
DEBUG 2019-05-11 01:30:28,395 process_tasks 8812 140508713035392 waiting for tasks
DEBUG 2019-05-11 01:30:33,403 process_tasks 8812 140508713035392 waiting for tasks
DEBUG 2019-05-11 01:30:38,413 process_tasks 8812 140508713035392 waiting for tasks
DEBUG 2019-05-11 01:30:43,422 process_tasks 8812 140508713035392 waiting for tasks
DEBUG 2019-05-11 01:30:48,432 process_tasks 8812 140508713035392 waiting for tasks
DEBUG 2019-05-11 01:30:53,441 process_tasks 8812 140508713035392 waiting for tasks
DEBUG 2019-05-11 01:30:58,448 process_tasks 8812 140508713035392 waiting for tasks
DEBUG 2019-05-11 01:31:03,464 process_tasks 8812 140508713035392 waiting for tasks
DEBUG 2019-05-11 01:31:08,485 process_tasks 8812 140508713035392 waiting for tasks
DEBUG 2019-05-11 01:31:13,506 process_tasks 8812 140508713035392 waiting for tasks
DEBUG 2019-05-11 01:31:18,520 process_tasks 8812 140508713035392 waiting for tasks
DEBUG 2019-05-11 01:31:23,540 process_tasks 8812 140508713035392 waiting for tasks
DEBUG 2019-05-11 01:31:28,551 process_tasks 8812 140508713035392 waiting for tasks
DEBUG 2019-05-11 01:31:33,558 process_tasks 8812 140508713035392 waiting for tasks
DEBUG 2019-05-11 01:31:38,565 process_tasks 8812 140508713035392 waiting for tasks
DEBUG 2019-05-11 01:31:43,577 process_tasks 8812 140508713035392 waiting for tasks
DEBUG 2019-05-11 01:31:48,584 process_tasks 8812 140508713035392 waiting for tasks
DEBUG 2019-05-11 01:31:53,594 process_tasks 8812 140508713035392 waiting for tasks
DEBUG 2019-05-11 01:31:58,600 process_tasks 8812 140508713035392 waiting for tasks
DEBUG 2019-05-11 01:32:03,608 process_tasks 8812 140508713035392 waiting for tasks
DEBUG 2019-05-11 01:32:08,616 process_tasks 8812 140508713035392 waiting for tasks
DEBUG 2019-05-11 01:32:13,627 process_tasks 8812 140508713035392 waiting for tasks
DEBUG 2019-05-11 01:32:18,637 process_tasks 8812 140508713035392 waiting for tasks
DEBUG 2019-05-11 01:32:23,645 process_tasks 8812 140508713035392 waiting for tasks
DEBUG 2019-05-11 01:32:28,656 process_tasks 8812 140508713035392 waiting for tasks
DEBUG 2019-05-11 01:32:33,668 process_tasks 8812 140508713035392 waiting for tasks
DEBUG 2019-05-11 01:32:38,680 process_tasks 8812 140508713035392 waiting for tasks
DEBUG 2019-05-11 01:32:43,696 process_tasks 8812 140508713035392 waiting for tasks
DEBUG 2019-05-11 01:32:48,708 process_tasks 8812 140508713035392 waiting for tasks
DEBUG 2019-05-11 01:32:53,717 process_tasks 8812 140508713035392 waiting for tasks
DEBUG 2019-05-11 01:32:58,732 process_tasks 8812 140508713035392 waiting for tasks
DEBUG 2019-05-11 01:33:03,744 process_tasks 8812 140508713035392 waiting for tasks
DEBUG 2019-05-11 01:33:08,755 process_tasks 8812 140508713035392 waiting for tasks
DEBUG 2019-05-11 01:33:13,762 process_tasks 8812 140508713035392 waiting for tasks
DEBUG 2019-05-11 01:33:18,770 process_tasks 8812 140508713035392 waiting for tasks
DEBUG 2019-05-11 01:33:23,779 process_tasks 8812 140508713035392 waiting for tasks
DEBUG 2019-05-11 01:33:28,787 process_tasks 8812 140508713035392 waiting for tasks
DEBUG 2019-05-11 01:33:33,798 process_tasks 8812 140508713035392 waiting for tasks
DEBUG 2019-05-11 01:33:38,806 process_tasks 8812 140508713035392 waiting for tasks
DEBUG 2019-05-11 01:33:43,817 process_tasks 8812 140508713035392 waiting for tasks
DEBUG 2019-05-11 01:33:48,826 process_tasks 8812 140508713035392 waiting for tasks
DEBUG 2019-05-11 01:33:53,833 process_tasks 8812 140508713035392 waiting for tasks
DEBUG 2019-05-11 01:33:58,844 process_tasks 8812 140508713035392 waiting for tasks
DEBUG 2019-05-11 01:34:03,856 process_tasks 8812 140508713035392 waiting for tasks
DEBUG 2019-05-11 01:34:08,867 process_tasks 8812 140508713035392 waiting for tasks
DEBUG 2019-05-11 01:34:13,878 process_tasks 8812 140508713035392 waiting for tasks
DEBUG 2019-05-11 01:34:18,888 process_tasks 8812 140508713035392 waiting for tasks
DEBUG 2019-05-11 01:34:23,898 process_tasks 8812 140508713035392 waiting for tasks
DEBUG 2019-05-11 01:34:28,911 process_tasks 8812 140508713035392 waiting for tasks
DEBUG 2019-05-11 01:34:33,923 process_tasks 8812 140508713035392 waiting for tasks
DEBUG 2019-05-11 01:34:38,933 process_tasks 8812 140508713035392 waiting for tasks
DEBUG 2019-05-11 01:34:43,945 process_tasks 8812 140508713035392 waiting for tasks
DEBUG 2019-05-11 01:34:48,953 process_tasks 8812 140508713035392 waiting for tasks
DEBUG 2019-05-11 01:34:53,963 process_tasks 8812 140508713035392 waiting for tasks
DEBUG 2019-05-11 01:34:58,975 process_tasks 8812 140508713035392 waiting for tasks
DEBUG 2019-05-11 01:35:03,984 process_tasks 8812 140508713035392 waiting for tasks
DEBUG 2019-05-11 01:35:08,992 process_tasks 8812 140508713035392 waiting for tasks
DEBUG 2019-05-11 01:35:14,003 process_tasks 8812 140508713035392 waiting for tasks
DEBUG 2019-05-11 01:35:19,013 process_tasks 8812 140508713035392 waiting for tasks
DEBUG 2019-05-11 01:35:24,032 process_tasks 8812 140508713035392 waiting for tasks
DEBUG 2019-05-11 01:35:29,051 process_tasks 8812 140508713035392 waiting for tasks
DEBUG 2019-05-11 01:35:34,064 process_tasks 8812 140508713035392 waiting for tasks
DEBUG 2019-05-11 01:35:39,075 process_tasks 8812 140508713035392 waiting for tasks
DEBUG 2019-05-11 01:35:44,085 process_tasks 8812 140508713035392 waiting for tasks
DEBUG 2019-05-11 01:35:49,094 process_tasks 8812 140508713035392 waiting for tasks
DEBUG 2019-05-11 01:35:54,107 process_tasks 8812 140508713035392 waiting for tasks
DEBUG 2019-05-11 01:35:59,119 process_tasks 8812 140508713035392 waiting for tasks
DEBUG 2019-05-11 01:36:04,132 process_tasks 8812 140508713035392 waiting for tasks
DEBUG 2019-05-11 01:36:09,141 process_tasks 8812 140508713035392 waiting for tasks
DEBUG 2019-05-11 01:36:14,148 process_tasks 8812 140508713035392 waiting for tasks
DEBUG 2019-05-11 01:36:19,160 process_tasks 8812 140508713035392 waiting for tasks
DEBUG 2019-05-11 01:36:24,173 process_tasks 8812 140508713035392 waiting for tasks
DEBUG 2019-05-11 01:36:29,184 process_tasks 8812 140508713035392 waiting for tasks
DEBUG 2019-05-11 01:36:34,196 process_tasks 8812 140508713035392 waiting for tasks
DEBUG 2019-05-11 01:36:39,205 process_tasks 8812 140508713035392 waiting for tasks
DEBUG 2019-05-11 01:36:44,215 process_tasks 8812 140508713035392 waiting for tasks
DEBUG 2019-05-11 01:36:49,227 process_tasks 8812 140508713035392 waiting for tasks
DEBUG 2019-05-11 01:36:54,239 process_tasks 8812 140508713035392 waiting for tasks
DEBUG 2019-05-11 01:36:59,250 process_tasks 8812 140508713035392 waiting for tasks
DEBUG 2019-05-11 01:37:04,260 process_tasks 8812 140508713035392 waiting for tasks
DEBUG 2019-05-11 01:37:09,269 process_tasks 8812 140508713035392 waiting for tasks
DEBUG 2019-05-11 01:37:14,278 process_tasks 8812 140508713035392 waiting for tasks
DEBUG 2019-05-11 01:37:19,290 process_tasks 8812 140508713035392 waiting for tasks
DEBUG 2019-05-11 01:37:24,302 process_tasks 8812 140508713035392 waiting for tasks
DEBUG 2019-05-11 01:37:29,315 process_tasks 8812 140508713035392 waiting for tasks
DEBUG 2019-05-11 01:37:34,332 process_tasks 8812 140508713035392 waiting for tasks
DEBUG 2019-05-11 01:37:39,341 process_tasks 8812 140508713035392 waiting for tasks
DEBUG 2019-05-11 01:37:44,350 process_tasks 8812 140508713035392 waiting for tasks
DEBUG 2019-05-11 01:37:49,362 process_tasks 8812 140508713035392 waiting for tasks
DEBUG 2019-05-11 01:37:54,373 process_tasks 8812 140508713035392 waiting for tasks
DEBUG 2019-05-11 01:37:59,380 process_tasks 8812 140508713035392 waiting for tasks
DEBUG 2019-05-11 01:38:04,392 process_tasks 8812 140508713035392 waiting for tasks
DEBUG 2019-05-11 01:38:09,403 process_tasks 8812 140508713035392 waiting for tasks
DEBUG 2019-05-11 01:38:14,407 process_tasks 8812 140508713035392 waiting for tasks
DEBUG 2019-05-11 01:38:19,418 process_tasks 8812 140508713035392 waiting for tasks
DEBUG 2019-05-11 01:38:24,427 process_tasks 8812 140508713035392 waiting for tasks
DEBUG 2019-05-11 01:38:29,437 process_tasks 8812 140508713035392 waiting for tasks
DEBUG 2019-05-11 01:38:34,448 process_tasks 8812 140508713035392 waiting for tasks
DEBUG 2019-05-11 01:38:39,458 process_tasks 8812 140508713035392 waiting for tasks
DEBUG 2019-05-11 01:38:44,466 process_tasks 8812 140508713035392 waiting for tasks
DEBUG 2019-05-11 01:38:49,475 process_tasks 8812 140508713035392 waiting for tasks
DEBUG 2019-05-11 01:38:54,482 process_tasks 8812 140508713035392 waiting for tasks
DEBUG 2019-05-11 01:38:59,491 process_tasks 8812 140508713035392 waiting for tasks
DEBUG 2019-05-11 01:39:04,496 process_tasks 8812 140508713035392 waiting for tasks
DEBUG 2019-05-11 01:39:09,508 process_tasks 8812 140508713035392 waiting for tasks
DEBUG 2019-05-11 01:39:14,515 process_tasks 8812 140508713035392 waiting for tasks
DEBUG 2019-05-11 01:39:19,526 process_tasks 8812 140508713035392 waiting for tasks
DEBUG 2019-05-11 01:39:24,537 process_tasks 8812 140508713035392 waiting for tasks
DEBUG 2019-05-11 01:39:29,547 process_tasks 8812 140508713035392 waiting for tasks
DEBUG 2019-05-11 01:39:34,555 process_tasks 8812 140508713035392 waiting for tasks
DEBUG 2019-05-11 01:39:39,561 process_tasks 8812 140508713035392 waiting for tasks
DEBUG 2019-05-11 01:39:44,569 process_tasks 8812 140508713035392 waiting for tasks
DEBUG 2019-05-11 01:39:49,578 process_tasks 8812 140508713035392 waiting for tasks
DEBUG 2019-05-11 01:39:54,586 process_tasks 8812 140508713035392 waiting for tasks
DEBUG 2019-05-11 01:39:59,595 process_tasks 8812 140508713035392 waiting for tasks
DEBUG 2019-05-11 01:40:04,606 process_tasks 8812 140508713035392 waiting for tasks
DEBUG 2019-05-11 01:40:09,616 process_tasks 8812 140508713035392 waiting for tasks
DEBUG 2019-05-11 01:40:14,623 process_tasks 8812 140508713035392 waiting for tasks
DEBUG 2019-05-11 01:40:19,629 process_tasks 8812 140508713035392 waiting for tasks
DEBUG 2019-05-11 01:40:24,639 process_tasks 8812 140508713035392 waiting for tasks
DEBUG 2019-05-11 01:40:29,649 process_tasks 8812 140508713035392 waiting for tasks
DEBUG 2019-05-11 01:40:34,657 process_tasks 8812 140508713035392 waiting for tasks
DEBUG 2019-05-11 01:40:39,666 process_tasks 8812 140508713035392 waiting for tasks
DEBUG 2019-05-11 01:40:44,677 process_tasks 8812 140508713035392 waiting for tasks
DEBUG 2019-05-11 01:40:49,691 process_tasks 8812 140508713035392 waiting for tasks
DEBUG 2019-05-11 01:40:54,702 process_tasks 8812 140508713035392 waiting for tasks
DEBUG 2019-05-11 01:40:59,711 process_tasks 8812 140508713035392 waiting for tasks
DEBUG 2019-05-11 01:41:04,725 process_tasks 8812 140508713035392 waiting for tasks
DEBUG 2019-05-11 01:41:09,734 process_tasks 8812 140508713035392 waiting for tasks
DEBUG 2019-05-11 01:41:14,748 process_tasks 8812 140508713035392 waiting for tasks
DEBUG 2019-05-11 01:41:19,760 process_tasks 8812 140508713035392 waiting for tasks
DEBUG 2019-05-11 01:41:24,770 process_tasks 8812 140508713035392 waiting for tasks
DEBUG 2019-05-11 01:41:29,782 process_tasks 8812 140508713035392 waiting for tasks
DEBUG 2019-05-11 01:41:34,790 process_tasks 8812 140508713035392 waiting for tasks
DEBUG 2019-05-11 01:41:39,798 process_tasks 8812 140508713035392 waiting for tasks
DEBUG 2019-05-11 01:41:44,804 process_tasks 8812 140508713035392 waiting for tasks
DEBUG 2019-05-11 01:41:49,817 process_tasks 8812 140508713035392 waiting for tasks
DEBUG 2019-05-11 01:41:54,826 process_tasks 8812 140508713035392 waiting for tasks
DEBUG 2019-05-11 01:41:59,837 process_tasks 8812 140508713035392 waiting for tasks
DEBUG 2019-05-11 01:42:04,848 process_tasks 8812 140508713035392 waiting for tasks
DEBUG 2019-05-11 01:42:09,865 process_tasks 8812 140508713035392 waiting for tasks
DEBUG 2019-05-11 01:42:14,876 process_tasks 8812 140508713035392 waiting for tasks
DEBUG 2019-05-11 01:42:19,888 process_tasks 8812 140508713035392 waiting for tasks
DEBUG 2019-05-11 01:42:24,899 process_tasks 8812 140508713035392 waiting for tasks
DEBUG 2019-05-11 01:42:29,911 process_tasks 8812 140508713035392 waiting for tasks
DEBUG 2019-05-11 01:42:34,919 process_tasks 8812 140508713035392 waiting for tasks
DEBUG 2019-05-11 01:42:39,930 process_tasks 8812 140508713035392 waiting for tasks
DEBUG 2019-05-11 01:42:44,938 process_tasks 8812 140508713035392 waiting for tasks
DEBUG 2019-05-11 01:42:49,949 process_tasks 8812 140508713035392 waiting for tasks
DEBUG 2019-05-11 01:42:54,961 process_tasks 8812 140508713035392 waiting for tasks
DEBUG 2019-05-11 01:42:59,973 process_tasks 8812 140508713035392 waiting for tasks
DEBUG 2019-05-11 01:43:04,985 process_tasks 8812 140508713035392 waiting for tasks
DEBUG 2019-05-11 01:43:09,995 process_tasks 8812 140508713035392 waiting for tasks
DEBUG 2019-05-11 01:43:15,007 process_tasks 8812 140508713035392 waiting for tasks
DEBUG 2019-05-11 01:43:20,018 process_tasks 8812 140508713035392 waiting for tasks
DEBUG 2019-05-11 01:43:25,027 process_tasks 8812 140508713035392 waiting for tasks
DEBUG 2019-05-11 01:43:30,037 process_tasks 8812 140508713035392 waiting for tasks
DEBUG 2019-05-11 01:43:35,046 process_tasks 8812 140508713035392 waiting for tasks
DEBUG 2019-05-11 01:43:40,057 process_tasks 8812 140508713035392 waiting for tasks
DEBUG 2019-05-11 01:43:45,064 process_tasks 8812 140508713035392 waiting for tasks
DEBUG 2019-05-11 01:43:50,076 process_tasks 8812 140508713035392 waiting for tasks
DEBUG 2019-05-11 01:43:55,091 process_tasks 8812 140508713035392 waiting for tasks
DEBUG 2019-05-11 01:44:00,099 process_tasks 8812 140508713035392 waiting for tasks
DEBUG 2019-05-11 01:44:05,112 process_tasks 8812 140508713035392 waiting for tasks
DEBUG 2019-05-11 01:44:10,123 process_tasks 8812 140508713035392 waiting for tasks
DEBUG 2019-05-11 01:44:15,132 process_tasks 8812 140508713035392 waiting for tasks
DEBUG 2019-05-11 01:44:20,141 process_tasks 8812 140508713035392 waiting for tasks
DEBUG 2019-05-11 01:44:25,152 process_tasks 8812 140508713035392 waiting for tasks
DEBUG 2019-05-11 01:44:30,166 process_tasks 8812 140508713035392 waiting for tasks
DEBUG 2019-05-11 01:44:35,175 process_tasks 8812 140508713035392 waiting for tasks
DEBUG 2019-05-11 01:44:40,185 process_tasks 8812 140508713035392 waiting for tasks
DEBUG 2019-05-11 01:44:45,191 process_tasks 8812 140508713035392 waiting for tasks
DEBUG 2019-05-11 01:44:50,197 process_tasks 8812 140508713035392 waiting for tasks
DEBUG 2019-05-11 01:44:55,203 process_tasks 8812 140508713035392 waiting for tasks
DEBUG 2019-05-11 01:45:00,214 process_tasks 8812 140508713035392 waiting for tasks
DEBUG 2019-05-11 01:45:05,225 process_tasks 8812 140508713035392 waiting for tasks
DEBUG 2019-05-11 01:45:10,237 process_tasks 8812 140508713035392 waiting for tasks
DEBUG 2019-05-11 01:45:15,247 process_tasks 8812 140508713035392 waiting for tasks
DEBUG 2019-05-11 01:45:20,256 process_tasks 8812 140508713035392 waiting for tasks
DEBUG 2019-05-11 01:45:25,265 process_tasks 8812 140508713035392 waiting for tasks
DEBUG 2019-05-11 01:45:30,276 process_tasks 8812 140508713035392 waiting for tasks
DEBUG 2019-05-11 01:45:35,286 process_tasks 8812 140508713035392 waiting for tasks
DEBUG 2019-05-11 01:45:40,297 process_tasks 8812 140508713035392 waiting for tasks
DEBUG 2019-05-11 01:45:45,309 process_tasks 8812 140508713035392 waiting for tasks
DEBUG 2019-05-11 01:45:50,319 process_tasks 8812 140508713035392 waiting for tasks
DEBUG 2019-05-11 01:45:55,336 process_tasks 8812 140508713035392 waiting for tasks
DEBUG 2019-05-11 01:46:00,344 process_tasks 8812 140508713035392 waiting for tasks
DEBUG 2019-05-11 01:46:05,355 process_tasks 8812 140508713035392 waiting for tasks
DEBUG 2019-05-11 01:46:10,363 process_tasks 8812 140508713035392 waiting for tasks
DEBUG 2019-05-11 01:46:15,375 process_tasks 8812 140508713035392 waiting for tasks
DEBUG 2019-05-11 01:46:20,387 process_tasks 8812 140508713035392 waiting for tasks
DEBUG 2019-05-11 01:46:25,397 process_tasks 8812 140508713035392 waiting for tasks
DEBUG 2019-05-11 01:46:30,408 process_tasks 8812 140508713035392 waiting for tasks
DEBUG 2019-05-11 01:46:35,420 process_tasks 8812 140508713035392 waiting for tasks
DEBUG 2019-05-11 01:46:40,427 process_tasks 8812 140508713035392 waiting for tasks
DEBUG 2019-05-11 01:46:45,433 process_tasks 8812 140508713035392 waiting for tasks
DEBUG 2019-05-11 01:46:50,447 process_tasks 8812 140508713035392 waiting for tasks
DEBUG 2019-05-11 01:46:55,454 process_tasks 8812 140508713035392 waiting for tasks
DEBUG 2019-05-11 01:47:00,465 process_tasks 8812 140508713035392 waiting for tasks
DEBUG 2019-05-11 01:47:05,477 process_tasks 8812 140508713035392 waiting for tasks
